This file contains any messages produced by compilers while
running configure, to aid debugging if configure makes a mistake.

It was created by geocode_emacs configure 1.0, which was
generated by GNU Autoconf 2.69.  Invocation command line was

  $ ./configure LDFLAGS=-L/home/oldosfan/jhbuild/install/lib  PKG_CONFIG_PATH=/home/oldosfan/jhbuild/install/lib64/pkgconfig:/home/oldosfan/jhbuild/install/lib/pkgconfig:/home/oldosfan/jhbuild/install/share/pkgconfig:/usr/lib64/pkgconfig:/usr/share/pkgconfig --no-create --no-recursion

## --------- ##
## Platform. ##
## --------- ##

hostname = po-lus-librem-15
uname -m = x86_64
uname -r = 5.6.14-300.fc32.x86_64
uname -s = Linux
uname -v = #1 SMP Wed May 20 20:47:32 UTC 2020

/usr/bin/uname -p = x86_64
/bin/uname -X     = unknown

/bin/arch              = x86_64
/usr/bin/arch -k       = unknown
/usr/convex/getsysinfo = unknown
/usr/bin/hostinfo      = unknown
/bin/machine           = unknown
/usr/bin/oslevel       = unknown
/bin/universe          = unknown

PATH: /home/oldosfan/.emacs.d/term-cmd
PATH: /home/oldosfan/jhbuild/install/bin
PATH: /home/oldosfan/.sdkman/candidates/scala/current/bin
PATH: /home/oldosfan/.sdkman/candidates/sbt/current/bin
PATH: /home/oldosfan/.local/bin
PATH: /home/oldosfan/bin
PATH: /usr/share/Modules/bin
PATH: /usr/local/bin
PATH: /usr/local/sbin
PATH: /usr/bin
PATH: /usr/sbin
PATH: /home/oldosfan/.dotnet/tools
PATH: /opt/oldosfan/bin


## ----------- ##
## Core tests. ##
## ----------- ##

configure:2519: checking for a BSD-compatible install
configure:2587: result: /usr/bin/install -c
configure:2598: checking whether build environment is sane
configure:2653: result: yes
configure:2802: checking for a thread-safe mkdir -p
configure:2841: result: /usr/bin/mkdir -p
configure:2848: checking for gawk
configure:2864: found /usr/bin/gawk
configure:2875: result: gawk
configure:2886: checking whether make sets $(MAKE)
configure:2908: result: yes
configure:2937: checking whether make supports nested variables
configure:2954: result: yes
configure:3219: checking that generated files are newer than configure
configure:3225: result: done
configure:3233: creating ./config.status
configure:4261: checking for emacs
configure:4277: found /usr/bin/emacs
configure:4288: result: emacs
configure:4312: checking where .elc files should go
configure:4325: $EMACS -batch -Q -eval '(while load-path (princ (concat (car load-path) "\n")) (setq load-path (cdr load-path)))' </dev/null >conftest.out
configure:4328: $? = 0
configure:4341: result: ${datadir}/emacs/site-lisp
configure:4385: checking for gcc
configure:4401: found /usr/bin/gcc
configure:4412: result: gcc
configure:4641: checking for C compiler version
configure:4650: gcc --version >&5
gcc (GCC) 10.1.1 20200507 (Red Hat 10.1.1-1)
Copyright (C) 2020 Free Software Foundation, Inc.
This is free software; see the source for copying conditions.  There is NO
warranty; not even for MERCHANTABILITY or FITNESS FOR A PARTICULAR PURPOSE.

configure:4661: $? = 0
configure:4650: gcc -v >&5
Using built-in specs.
COLLECT_GCC=gcc
COLLECT_LTO_WRAPPER=/usr/libexec/gcc/x86_64-redhat-linux/10/lto-wrapper
OFFLOAD_TARGET_NAMES=nvptx-none
OFFLOAD_TARGET_DEFAULT=1
Target: x86_64-redhat-linux
Configured with: ../configure --enable-bootstrap --enable-languages=c,c++,fortran,objc,obj-c++,ada,go,d,lto --prefix=/usr --mandir=/usr/share/man --infodir=/usr/share/info --with-bugurl=http://bugzilla.redhat.com/bugzilla --enable-shared --enable-threads=posix --enable-checking=release --enable-multilib --with-system-zlib --enable-__cxa_atexit --disable-libunwind-exceptions --enable-gnu-unique-object --enable-linker-build-id --with-gcc-major-version-only --with-linker-hash-style=gnu --enable-plugin --enable-initfini-array --with-isl --enable-offload-targets=nvptx-none --without-cuda-driver --enable-gnu-indirect-function --enable-cet --with-tune=generic --with-arch_32=i686 --build=x86_64-redhat-linux
Thread model: posix
Supported LTO compression algorithms: zlib zstd
gcc version 10.1.1 20200507 (Red Hat 10.1.1-1) (GCC) 
... rest of stderr output deleted ...
configure:4661: $? = 0
configure:4650: gcc -V >&5
gcc: error: unrecognized command-line option '-V'
gcc: fatal error: no input files
compilation terminated.
configure:4661: $? = 1
configure:4650: gcc -qversion >&5
gcc: error: unrecognized command-line option '-qversion'; did you mean '--version'?
gcc: fatal error: no input files
compilation terminated.
configure:4661: $? = 1
configure:4681: checking whether the C compiler works
configure:4703: gcc   -L/home/oldosfan/jhbuild/install/lib  conftest.c  >&5
configure:4707: $? = 0
configure:4755: result: yes
configure:4758: checking for C compiler default output file name
configure:4760: result: a.out
configure:4766: checking for suffix of executables
configure:4773: gcc -o conftest   -L/home/oldosfan/jhbuild/install/lib  conftest.c  >&5
configure:4777: $? = 0
configure:4799: result: 
configure:4821: checking whether we are cross compiling
configure:4829: gcc -o conftest   -L/home/oldosfan/jhbuild/install/lib  conftest.c  >&5
configure:4833: $? = 0
configure:4840: ./conftest
configure:4844: $? = 0
configure:4832: result: no
configure:4837: checking for suffix of object files
configure:4859: gcc -c   conftest.c >&5
configure:4863: $? = 0
configure:4884: result: o
configure:4888: checking whether we are using the GNU C compiler
configure:4907: gcc -c   conftest.c >&5
configure:4907: $? = 0
configure:4916: result: yes
configure:4925: checking whether gcc accepts -g
configure:4945: gcc -c -g  conftest.c >&5
configure:4945: $? = 0
configure:4986: result: yes
configure:5003: checking for gcc option to accept ISO C89
configure:5066: gcc  -c -g -O2  conftest.c >&5
configure:5066: $? = 0
configure:5079: result: none needed
configure:5104: checking whether gcc understands -c and -o together
configure:5126: gcc -c conftest.c -o conftest2.o
configure:5129: $? = 0
configure:5126: gcc -c conftest.c -o conftest2.o
configure:5129: $? = 0
configure:5141: result: yes
configure:5161: checking whether make supports the include directive
configure:5176: make -f confmf.GNU && cat confinc.out
make[1]: Entering directory '/home/oldosfan/geo-xdg/geocode-glib'
make[1]: Leaving directory '/home/oldosfan/geo-xdg/geocode-glib'
this is the am__doit target
configure:5179: $? = 0
configure:5198: result: yes (GNU style)
configure:5223: checking dependency style of gcc
configure:5334: result: gcc3
configure:5406: checking for pkg-config
configure:5424: found /usr/bin/pkg-config
configure:5436: result: /usr/bin/pkg-config
configure:5461: checking pkg-config is at least version 0.9.0
configure:5464: result: yes
configure:5474: checking for GEOCODE
configure:5481: $PKG_CONFIG --exists --print-errors "geocode-glib-1.0"
configure:5484: $? = 0
configure:5498: $PKG_CONFIG --exists --print-errors "geocode-glib-1.0"
configure:5501: $? = 0
configure:5559: result: yes
configure:5573: checking how to run the C preprocessor
configure:5604: gcc -E  conftest.c
configure:5604: $? = 0
configure:5618: gcc -E  conftest.c
conftest.c:11:10: fatal error: ac_nonexistent.h: No such file or directory
   11 | #include <ac_nonexistent.h>
      |          ^~~~~~~~~~~~~~~~~~
compilation terminated.
configure:5618: $? = 1
configure: failed program was:
| /* confdefs.h */
| #define PACKAGE_NAME "geocode_emacs"
| #define PACKAGE_TARNAME "geocode_emacs"
| #define PACKAGE_VERSION "1.0"
| #define PACKAGE_STRING "geocode_emacs 1.0"
| #define PACKAGE_BUGREPORT "none@dummy"
| #define PACKAGE_URL ""
| #define PACKAGE "geocode_emacs"
| #define VERSION "1.0"
| /* end confdefs.h.  */
| #include <ac_nonexistent.h>
configure:5643: result: gcc -E
configure:5663: gcc -E  conftest.c
configure:5663: $? = 0
configure:5677: gcc -E  conftest.c
conftest.c:11:10: fatal error: ac_nonexistent.h: No such file or directory
   11 | #include <ac_nonexistent.h>
      |          ^~~~~~~~~~~~~~~~~~
compilation terminated.
configure:5677: $? = 1
configure: failed program was:
| /* confdefs.h */
| #define PACKAGE_NAME "geocode_emacs"
| #define PACKAGE_TARNAME "geocode_emacs"
| #define PACKAGE_VERSION "1.0"
| #define PACKAGE_STRING "geocode_emacs 1.0"
| #define PACKAGE_BUGREPORT "none@dummy"
| #define PACKAGE_URL ""
| #define PACKAGE "geocode_emacs"
| #define VERSION "1.0"
| /* end confdefs.h.  */
| #include <ac_nonexistent.h>
configure:5706: checking for X
configure:5814: gcc -E  conftest.c
configure:5814: $? = 0
configure:5845: gcc -o conftest -I/home/oldosfan/jhbuild/install/include/geocode-glib-1.0 -I/home/oldosfan/jhbuild/install/include/glib-2.0 -I/home/oldosfan/jhbuild/install/lib/glib-2.0/include -pthread  -g -O2  -L/home/oldosfan/jhbuild/install/lib -lgeocode-glib -lgio-2.0 -lgobject-2.0 -lglib-2.0  -L/home/oldosfan/jhbuild/install/lib  conftest.c -lX11  >&5
configure:5845: $? = 0
configure:5895: result: libraries , headers 
configure:5899: checking for grep that handles long lines and -e
configure:5957: result: /usr/bin/grep
configure:5962: checking for egrep
configure:6024: result: /usr/bin/grep -E
configure:6029: checking for ANSI C header files
configure:6049: gcc -c -I/home/oldosfan/jhbuild/install/include/geocode-glib-1.0 -I/home/oldosfan/jhbuild/install/include/glib-2.0 -I/home/oldosfan/jhbuild/install/lib/glib-2.0/include -pthread  -g -O2  conftest.c >&5
configure:6049: $? = 0
configure:6122: gcc -o conftest -I/home/oldosfan/jhbuild/install/include/geocode-glib-1.0 -I/home/oldosfan/jhbuild/install/include/glib-2.0 -I/home/oldosfan/jhbuild/install/lib/glib-2.0/include -pthread  -g -O2  -L/home/oldosfan/jhbuild/install/lib -lgeocode-glib -lgio-2.0 -lgobject-2.0 -lglib-2.0  -L/home/oldosfan/jhbuild/install/lib  conftest.c  >&5
configure:6122: $? = 0
configure:6122: ./conftest
configure:6122: $? = 0
configure:6133: result: yes
configure:6146: checking for sys/types.h
configure:6146: gcc -c -I/home/oldosfan/jhbuild/install/include/geocode-glib-1.0 -I/home/oldosfan/jhbuild/install/include/glib-2.0 -I/home/oldosfan/jhbuild/install/lib/glib-2.0/include -pthread  -g -O2  conftest.c >&5
configure:6146: $? = 0
configure:6146: result: yes
configure:6146: checking for sys/stat.h
configure:6146: gcc -c -I/home/oldosfan/jhbuild/install/include/geocode-glib-1.0 -I/home/oldosfan/jhbuild/install/include/glib-2.0 -I/home/oldosfan/jhbuild/install/lib/glib-2.0/include -pthread  -g -O2  conftest.c >&5
configure:6146: $? = 0
configure:6146: result: yes
configure:6146: checking for stdlib.h
configure:6146: gcc -c -I/home/oldosfan/jhbuild/install/include/geocode-glib-1.0 -I/home/oldosfan/jhbuild/install/include/glib-2.0 -I/home/oldosfan/jhbuild/install/lib/glib-2.0/include -pthread  -g -O2  conftest.c >&5
configure:6146: $? = 0
configure:6146: result: yes
configure:6146: checking for string.h
configure:6146: gcc -c -I/home/oldosfan/jhbuild/install/include/geocode-glib-1.0 -I/home/oldosfan/jhbuild/install/include/glib-2.0 -I/home/oldosfan/jhbuild/install/lib/glib-2.0/include -pthread  -g -O2  conftest.c >&5
configure:6146: $? = 0
configure:6146: result: yes
configure:6146: checking for memory.h
configure:6146: gcc -c -I/home/oldosfan/jhbuild/install/include/geocode-glib-1.0 -I/home/oldosfan/jhbuild/install/include/glib-2.0 -I/home/oldosfan/jhbuild/install/lib/glib-2.0/include -pthread  -g -O2  conftest.c >&5
configure:6146: $? = 0
configure:6146: result: yes
configure:6146: checking for strings.h
configure:6146: gcc -c -I/home/oldosfan/jhbuild/install/include/geocode-glib-1.0 -I/home/oldosfan/jhbuild/install/include/glib-2.0 -I/home/oldosfan/jhbuild/install/lib/glib-2.0/include -pthread  -g -O2  conftest.c >&5
configure:6146: $? = 0
configure:6146: result: yes
configure:6146: checking for inttypes.h
configure:6146: gcc -c -I/home/oldosfan/jhbuild/install/include/geocode-glib-1.0 -I/home/oldosfan/jhbuild/install/include/glib-2.0 -I/home/oldosfan/jhbuild/install/lib/glib-2.0/include -pthread  -g -O2  conftest.c >&5
configure:6146: $? = 0
configure:6146: result: yes
configure:6146: checking for stdint.h
configure:6146: gcc -c -I/home/oldosfan/jhbuild/install/include/geocode-glib-1.0 -I/home/oldosfan/jhbuild/install/include/glib-2.0 -I/home/oldosfan/jhbuild/install/lib/glib-2.0/include -pthread  -g -O2  conftest.c >&5
configure:6146: $? = 0
configure:6146: result: yes
configure:6146: checking for unistd.h
configure:6146: gcc -c -I/home/oldosfan/jhbuild/install/include/geocode-glib-1.0 -I/home/oldosfan/jhbuild/install/include/glib-2.0 -I/home/oldosfan/jhbuild/install/lib/glib-2.0/include -pthread  -g -O2  conftest.c >&5
configure:6146: $? = 0
configure:6146: result: yes
configure:6158: checking for size_t
configure:6158: gcc -c -I/home/oldosfan/jhbuild/install/include/geocode-glib-1.0 -I/home/oldosfan/jhbuild/install/include/glib-2.0 -I/home/oldosfan/jhbuild/install/lib/glib-2.0/include -pthread  -g -O2  conftest.c >&5
configure:6158: $? = 0
configure:6158: gcc -c -I/home/oldosfan/jhbuild/install/include/geocode-glib-1.0 -I/home/oldosfan/jhbuild/install/include/glib-2.0 -I/home/oldosfan/jhbuild/install/lib/glib-2.0/include -pthread  -g -O2  conftest.c >&5
conftest.c: In function 'main':
conftest.c:57:21: error: expected expression before ')' token
   57 | if (sizeof ((size_t)))
      |                     ^
configure:6158: $? = 1
configure: failed program was:
| /* confdefs.h */
| #define PACKAGE_NAME "geocode_emacs"
| #define PACKAGE_TARNAME "geocode_emacs"
| #define PACKAGE_VERSION "1.0"
| #define PACKAGE_STRING "geocode_emacs 1.0"
| #define PACKAGE_BUGREPORT "none@dummy"
| #define PACKAGE_URL ""
| #define PACKAGE "geocode_emacs"
| #define VERSION "1.0"
| #define STDC_HEADERS 1
| #define HAVE_SYS_TYPES_H 1
| #define HAVE_SYS_STAT_H 1
| #define HAVE_STDLIB_H 1
| #define HAVE_STRING_H 1
| #define HAVE_MEMORY_H 1
| #define HAVE_STRINGS_H 1
| #define HAVE_INTTYPES_H 1
| #define HAVE_STDINT_H 1
| #define HAVE_UNISTD_H 1
| /* end confdefs.h.  */
| #include <stdio.h>
| #ifdef HAVE_SYS_TYPES_H
| # include <sys/types.h>
| #endif
| #ifdef HAVE_SYS_STAT_H
| # include <sys/stat.h>
| #endif
| #ifdef STDC_HEADERS
| # include <stdlib.h>
| # include <stddef.h>
| #else
| # ifdef HAVE_STDLIB_H
| #  include <stdlib.h>
| # endif
| #endif
| #ifdef HAVE_STRING_H
| # if !defined STDC_HEADERS && defined HAVE_MEMORY_H
| #  include <memory.h>
| # endif
| # include <string.h>
| #endif
| #ifdef HAVE_STRINGS_H
| # include <strings.h>
| #endif
| #ifdef HAVE_INTTYPES_H
| # include <inttypes.h>
| #endif
| #ifdef HAVE_STDINT_H
| # include <stdint.h>
| #endif
| #ifdef HAVE_UNISTD_H
| # include <unistd.h>
| #endif
| int
| main ()
| {
| if (sizeof ((size_t)))
| 	    return 0;
|   ;
|   return 0;
| }
configure:6158: result: yes
configure:6171: checking for working alloca.h
configure:6188: gcc -o conftest -I/home/oldosfan/jhbuild/install/include/geocode-glib-1.0 -I/home/oldosfan/jhbuild/install/include/glib-2.0 -I/home/oldosfan/jhbuild/install/lib/glib-2.0/include -pthread  -g -O2  -L/home/oldosfan/jhbuild/install/lib -lgeocode-glib -lgio-2.0 -lgobject-2.0 -lglib-2.0  -L/home/oldosfan/jhbuild/install/lib  conftest.c  >&5
configure:6188: $? = 0
configure:6196: result: yes
configure:6204: checking for alloca
configure:6241: gcc -o conftest -I/home/oldosfan/jhbuild/install/include/geocode-glib-1.0 -I/home/oldosfan/jhbuild/install/include/glib-2.0 -I/home/oldosfan/jhbuild/install/lib/glib-2.0/include -pthread  -g -O2  -L/home/oldosfan/jhbuild/install/lib -lgeocode-glib -lgio-2.0 -lgobject-2.0 -lglib-2.0  -L/home/oldosfan/jhbuild/install/lib  conftest.c  >&5
configure:6241: $? = 0
configure:6249: result: yes
configure:6358: checking float.h usability
configure:6358: gcc -c -I/home/oldosfan/jhbuild/install/include/geocode-glib-1.0 -I/home/oldosfan/jhbuild/install/include/glib-2.0 -I/home/oldosfan/jhbuild/install/lib/glib-2.0/include -pthread  -g -O2  conftest.c >&5
configure:6358: $? = 0
configure:6358: result: yes
configure:6358: checking float.h presence
configure:6358: gcc -E  conftest.c
configure:6358: $? = 0
configure:6358: result: yes
configure:6358: checking for float.h
configure:6358: result: yes
configure:6358: checking limits.h usability
configure:6358: gcc -c -I/home/oldosfan/jhbuild/install/include/geocode-glib-1.0 -I/home/oldosfan/jhbuild/install/include/glib-2.0 -I/home/oldosfan/jhbuild/install/lib/glib-2.0/include -pthread  -g -O2  conftest.c >&5
configure:6358: $? = 0
configure:6358: result: yes
configure:6358: checking limits.h presence
configure:6358: gcc -E  conftest.c
configure:6358: $? = 0
configure:6358: result: yes
configure:6358: checking for limits.h
configure:6358: result: yes
configure:6358: checking malloc.h usability
configure:6358: gcc -c -I/home/oldosfan/jhbuild/install/include/geocode-glib-1.0 -I/home/oldosfan/jhbuild/install/include/glib-2.0 -I/home/oldosfan/jhbuild/install/lib/glib-2.0/include -pthread  -g -O2  conftest.c >&5
configure:6358: $? = 0
configure:6358: result: yes
configure:6358: checking malloc.h presence
configure:6358: gcc -E  conftest.c
configure:6358: $? = 0
configure:6358: result: yes
configure:6358: checking for malloc.h
configure:6358: result: yes
configure:6358: checking stddef.h usability
configure:6358: gcc -c -I/home/oldosfan/jhbuild/install/include/geocode-glib-1.0 -I/home/oldosfan/jhbuild/install/include/glib-2.0 -I/home/oldosfan/jhbuild/install/lib/glib-2.0/include -pthread  -g -O2  conftest.c >&5
configure:6358: $? = 0
configure:6358: result: yes
configure:6358: checking stddef.h presence
configure:6358: gcc -E  conftest.c
configure:6358: $? = 0
configure:6358: result: yes
configure:6358: checking for stddef.h
configure:6358: result: yes
configure:6358: checking for stdint.h
configure:6358: result: yes
configure:6358: checking for stdlib.h
configure:6358: result: yes
configure:6358: checking for string.h
configure:6358: result: yes
configure:6358: checking for strings.h
configure:6358: result: yes
configure:6358: checking sys/time.h usability
configure:6358: gcc -c -I/home/oldosfan/jhbuild/install/include/geocode-glib-1.0 -I/home/oldosfan/jhbuild/install/include/glib-2.0 -I/home/oldosfan/jhbuild/install/lib/glib-2.0/include -pthread  -g -O2  conftest.c >&5
configure:6358: $? = 0
configure:6358: result: yes
configure:6358: checking sys/time.h presence
configure:6358: gcc -E  conftest.c
configure:6358: $? = 0
configure:6358: result: yes
configure:6358: checking for sys/time.h
configure:6358: result: yes
configure:6358: checking for unistd.h
configure:6358: result: yes
configure:6370: checking for stdbool.h that conforms to C99
configure:6437: gcc -c -I/home/oldosfan/jhbuild/install/include/geocode-glib-1.0 -I/home/oldosfan/jhbuild/install/include/glib-2.0 -I/home/oldosfan/jhbuild/install/lib/glib-2.0/include -pthread  -g -O2  conftest.c >&5
configure:6437: $? = 0
configure:6444: result: yes
configure:6446: checking for _Bool
configure:6446: gcc -c -I/home/oldosfan/jhbuild/install/include/geocode-glib-1.0 -I/home/oldosfan/jhbuild/install/include/glib-2.0 -I/home/oldosfan/jhbuild/install/lib/glib-2.0/include -pthread  -g -O2  conftest.c >&5
configure:6446: $? = 0
configure:6446: gcc -c -I/home/oldosfan/jhbuild/install/include/geocode-glib-1.0 -I/home/oldosfan/jhbuild/install/include/glib-2.0 -I/home/oldosfan/jhbuild/install/lib/glib-2.0/include -pthread  -g -O2  conftest.c >&5
conftest.c: In function 'main':
conftest.c:69:20: error: expected expression before ')' token
   69 | if (sizeof ((_Bool)))
      |                    ^
configure:6446: $? = 1
configure: failed program was:
| /* confdefs.h */
| #define PACKAGE_NAME "geocode_emacs"
| #define PACKAGE_TARNAME "geocode_emacs"
| #define PACKAGE_VERSION "1.0"
| #define PACKAGE_STRING "geocode_emacs 1.0"
| #define PACKAGE_BUGREPORT "none@dummy"
| #define PACKAGE_URL ""
| #define PACKAGE "geocode_emacs"
| #define VERSION "1.0"
| #define STDC_HEADERS 1
| #define HAVE_SYS_TYPES_H 1
| #define HAVE_SYS_STAT_H 1
| #define HAVE_STDLIB_H 1
| #define HAVE_STRING_H 1
| #define HAVE_MEMORY_H 1
| #define HAVE_STRINGS_H 1
| #define HAVE_INTTYPES_H 1
| #define HAVE_STDINT_H 1
| #define HAVE_UNISTD_H 1
| #define HAVE_ALLOCA_H 1
| #define HAVE_ALLOCA 1
| #define HAVE_FLOAT_H 1
| #define HAVE_LIMITS_H 1
| #define HAVE_MALLOC_H 1
| #define HAVE_STDDEF_H 1
| #define HAVE_STDINT_H 1
| #define HAVE_STDLIB_H 1
| #define HAVE_STRING_H 1
| #define HAVE_STRINGS_H 1
| #define HAVE_SYS_TIME_H 1
| #define HAVE_UNISTD_H 1
| /* end confdefs.h.  */
| #include <stdio.h>
| #ifdef HAVE_SYS_TYPES_H
| # include <sys/types.h>
| #endif
| #ifdef HAVE_SYS_STAT_H
| # include <sys/stat.h>
| #endif
| #ifdef STDC_HEADERS
| # include <stdlib.h>
| # include <stddef.h>
| #else
| # ifdef HAVE_STDLIB_H
| #  include <stdlib.h>
| # endif
| #endif
| #ifdef HAVE_STRING_H
| # if !defined STDC_HEADERS && defined HAVE_MEMORY_H
| #  include <memory.h>
| # endif
| # include <string.h>
| #endif
| #ifdef HAVE_STRINGS_H
| # include <strings.h>
| #endif
| #ifdef HAVE_INTTYPES_H
| # include <inttypes.h>
| #endif
| #ifdef HAVE_STDINT_H
| # include <stdint.h>
| #endif
| #ifdef HAVE_UNISTD_H
| # include <unistd.h>
| #endif
| int
| main ()
| {
| if (sizeof ((_Bool)))
| 	    return 0;
|   ;
|   return 0;
| }
configure:6446: result: yes
configure:6457: checking for uid_t in sys/types.h
configure:6476: result: yes
configure:6487: checking for inline
configure:6503: gcc -c -I/home/oldosfan/jhbuild/install/include/geocode-glib-1.0 -I/home/oldosfan/jhbuild/install/include/glib-2.0 -I/home/oldosfan/jhbuild/install/lib/glib-2.0/include -pthread  -g -O2  conftest.c >&5
configure:6503: $? = 0
configure:6511: result: inline
configure:6529: checking for int16_t
configure:6529: gcc -c -I/home/oldosfan/jhbuild/install/include/geocode-glib-1.0 -I/home/oldosfan/jhbuild/install/include/glib-2.0 -I/home/oldosfan/jhbuild/install/lib/glib-2.0/include -pthread  -g -O2  conftest.c >&5
configure:6529: $? = 0
configure:6529: gcc -c -I/home/oldosfan/jhbuild/install/include/geocode-glib-1.0 -I/home/oldosfan/jhbuild/install/include/glib-2.0 -I/home/oldosfan/jhbuild/install/lib/glib-2.0/include -pthread  -g -O2  conftest.c >&5
conftest.c: In function 'main':
conftest.c:71:12: error: size of array 'test_array' is negative
   71 | static int test_array [1 - 2 * !((int16_t) (((((int16_t) 1 << N) << N) - 1) * 2 + 1)
      |            ^~~~~~~~~~
configure:6529: $? = 1
configure: failed program was:
| /* confdefs.h */
| #define PACKAGE_NAME "geocode_emacs"
| #define PACKAGE_TARNAME "geocode_emacs"
| #define PACKAGE_VERSION "1.0"
| #define PACKAGE_STRING "geocode_emacs 1.0"
| #define PACKAGE_BUGREPORT "none@dummy"
| #define PACKAGE_URL ""
| #define PACKAGE "geocode_emacs"
| #define VERSION "1.0"
| #define STDC_HEADERS 1
| #define HAVE_SYS_TYPES_H 1
| #define HAVE_SYS_STAT_H 1
| #define HAVE_STDLIB_H 1
| #define HAVE_STRING_H 1
| #define HAVE_MEMORY_H 1
| #define HAVE_STRINGS_H 1
| #define HAVE_INTTYPES_H 1
| #define HAVE_STDINT_H 1
| #define HAVE_UNISTD_H 1
| #define HAVE_ALLOCA_H 1
| #define HAVE_ALLOCA 1
| #define HAVE_FLOAT_H 1
| #define HAVE_LIMITS_H 1
| #define HAVE_MALLOC_H 1
| #define HAVE_STDDEF_H 1
| #define HAVE_STDINT_H 1
| #define HAVE_STDLIB_H 1
| #define HAVE_STRING_H 1
| #define HAVE_STRINGS_H 1
| #define HAVE_SYS_TIME_H 1
| #define HAVE_UNISTD_H 1
| #define HAVE__BOOL 1
| /* end confdefs.h.  */
| #include <stdio.h>
| #ifdef HAVE_SYS_TYPES_H
| # include <sys/types.h>
| #endif
| #ifdef HAVE_SYS_STAT_H
| # include <sys/stat.h>
| #endif
| #ifdef STDC_HEADERS
| # include <stdlib.h>
| # include <stddef.h>
| #else
| # ifdef HAVE_STDLIB_H
| #  include <stdlib.h>
| # endif
| #endif
| #ifdef HAVE_STRING_H
| # if !defined STDC_HEADERS && defined HAVE_MEMORY_H
| #  include <memory.h>
| # endif
| # include <string.h>
| #endif
| #ifdef HAVE_STRINGS_H
| # include <strings.h>
| #endif
| #ifdef HAVE_INTTYPES_H
| # include <inttypes.h>
| #endif
| #ifdef HAVE_STDINT_H
| # include <stdint.h>
| #endif
| #ifdef HAVE_UNISTD_H
| # include <unistd.h>
| #endif
| 	        enum { N = 16 / 2 - 1 };
| int
| main ()
| {
| static int test_array [1 - 2 * !((int16_t) (((((int16_t) 1 << N) << N) - 1) * 2 + 1)
| 		 < (int16_t) (((((int16_t) 1 << N) << N) - 1) * 2 + 2))];
| test_array [0] = 0;
| return test_array [0];
| 
|   ;
|   return 0;
| }
configure:6529: result: yes
configure:6540: checking for int32_t
configure:6540: gcc -c -I/home/oldosfan/jhbuild/install/include/geocode-glib-1.0 -I/home/oldosfan/jhbuild/install/include/glib-2.0 -I/home/oldosfan/jhbuild/install/lib/glib-2.0/include -pthread  -g -O2  conftest.c >&5
configure:6540: $? = 0
configure:6540: gcc -c -I/home/oldosfan/jhbuild/install/include/geocode-glib-1.0 -I/home/oldosfan/jhbuild/install/include/glib-2.0 -I/home/oldosfan/jhbuild/install/lib/glib-2.0/include -pthread  -g -O2  conftest.c >&5
conftest.c: In function 'main':
conftest.c:72:53: warning: integer overflow in expression of type 'int' results in '-2147483648' [-Woverflow]
   72 |    < (int32_t) (((((int32_t) 1 << N) << N) - 1) * 2 + 2))];
      |                                                     ^
conftest.c:71:12: error: storage size of 'test_array' isn't constant
   71 | static int test_array [1 - 2 * !((int32_t) (((((int32_t) 1 << N) << N) - 1) * 2 + 1)
      |            ^~~~~~~~~~
configure:6540: $? = 1
configure: failed program was:
| /* confdefs.h */
| #define PACKAGE_NAME "geocode_emacs"
| #define PACKAGE_TARNAME "geocode_emacs"
| #define PACKAGE_VERSION "1.0"
| #define PACKAGE_STRING "geocode_emacs 1.0"
| #define PACKAGE_BUGREPORT "none@dummy"
| #define PACKAGE_URL ""
| #define PACKAGE "geocode_emacs"
| #define VERSION "1.0"
| #define STDC_HEADERS 1
| #define HAVE_SYS_TYPES_H 1
| #define HAVE_SYS_STAT_H 1
| #define HAVE_STDLIB_H 1
| #define HAVE_STRING_H 1
| #define HAVE_MEMORY_H 1
| #define HAVE_STRINGS_H 1
| #define HAVE_INTTYPES_H 1
| #define HAVE_STDINT_H 1
| #define HAVE_UNISTD_H 1
| #define HAVE_ALLOCA_H 1
| #define HAVE_ALLOCA 1
| #define HAVE_FLOAT_H 1
| #define HAVE_LIMITS_H 1
| #define HAVE_MALLOC_H 1
| #define HAVE_STDDEF_H 1
| #define HAVE_STDINT_H 1
| #define HAVE_STDLIB_H 1
| #define HAVE_STRING_H 1
| #define HAVE_STRINGS_H 1
| #define HAVE_SYS_TIME_H 1
| #define HAVE_UNISTD_H 1
| #define HAVE__BOOL 1
| /* end confdefs.h.  */
| #include <stdio.h>
| #ifdef HAVE_SYS_TYPES_H
| # include <sys/types.h>
| #endif
| #ifdef HAVE_SYS_STAT_H
| # include <sys/stat.h>
| #endif
| #ifdef STDC_HEADERS
| # include <stdlib.h>
| # include <stddef.h>
| #else
| # ifdef HAVE_STDLIB_H
| #  include <stdlib.h>
| # endif
| #endif
| #ifdef HAVE_STRING_H
| # if !defined STDC_HEADERS && defined HAVE_MEMORY_H
| #  include <memory.h>
| # endif
| # include <string.h>
| #endif
| #ifdef HAVE_STRINGS_H
| # include <strings.h>
| #endif
| #ifdef HAVE_INTTYPES_H
| # include <inttypes.h>
| #endif
| #ifdef HAVE_STDINT_H
| # include <stdint.h>
| #endif
| #ifdef HAVE_UNISTD_H
| # include <unistd.h>
| #endif
| 	        enum { N = 32 / 2 - 1 };
| int
| main ()
| {
| static int test_array [1 - 2 * !((int32_t) (((((int32_t) 1 << N) << N) - 1) * 2 + 1)
| 		 < (int32_t) (((((int32_t) 1 << N) << N) - 1) * 2 + 2))];
| test_array [0] = 0;
| return test_array [0];
| 
|   ;
|   return 0;
| }
configure:6540: result: yes
configure:6551: checking for int64_t
configure:6551: gcc -c -I/home/oldosfan/jhbuild/install/include/geocode-glib-1.0 -I/home/oldosfan/jhbuild/install/include/glib-2.0 -I/home/oldosfan/jhbuild/install/lib/glib-2.0/include -pthread  -g -O2  conftest.c >&5
configure:6551: $? = 0
configure:6551: gcc -c -I/home/oldosfan/jhbuild/install/include/geocode-glib-1.0 -I/home/oldosfan/jhbuild/install/include/glib-2.0 -I/home/oldosfan/jhbuild/install/lib/glib-2.0/include -pthread  -g -O2  conftest.c >&5
conftest.c: In function 'main':
conftest.c:72:53: warning: integer overflow in expression of type 'long int' results in '-9223372036854775808' [-Woverflow]
   72 |    < (int64_t) (((((int64_t) 1 << N) << N) - 1) * 2 + 2))];
      |                                                     ^
conftest.c:71:12: error: storage size of 'test_array' isn't constant
   71 | static int test_array [1 - 2 * !((int64_t) (((((int64_t) 1 << N) << N) - 1) * 2 + 1)
      |            ^~~~~~~~~~
configure:6551: $? = 1
configure: failed program was:
| /* confdefs.h */
| #define PACKAGE_NAME "geocode_emacs"
| #define PACKAGE_TARNAME "geocode_emacs"
| #define PACKAGE_VERSION "1.0"
| #define PACKAGE_STRING "geocode_emacs 1.0"
| #define PACKAGE_BUGREPORT "none@dummy"
| #define PACKAGE_URL ""
| #define PACKAGE "geocode_emacs"
| #define VERSION "1.0"
| #define STDC_HEADERS 1
| #define HAVE_SYS_TYPES_H 1
| #define HAVE_SYS_STAT_H 1
| #define HAVE_STDLIB_H 1
| #define HAVE_STRING_H 1
| #define HAVE_MEMORY_H 1
| #define HAVE_STRINGS_H 1
| #define HAVE_INTTYPES_H 1
| #define HAVE_STDINT_H 1
| #define HAVE_UNISTD_H 1
| #define HAVE_ALLOCA_H 1
| #define HAVE_ALLOCA 1
| #define HAVE_FLOAT_H 1
| #define HAVE_LIMITS_H 1
| #define HAVE_MALLOC_H 1
| #define HAVE_STDDEF_H 1
| #define HAVE_STDINT_H 1
| #define HAVE_STDLIB_H 1
| #define HAVE_STRING_H 1
| #define HAVE_STRINGS_H 1
| #define HAVE_SYS_TIME_H 1
| #define HAVE_UNISTD_H 1
| #define HAVE__BOOL 1
| /* end confdefs.h.  */
| #include <stdio.h>
| #ifdef HAVE_SYS_TYPES_H
| # include <sys/types.h>
| #endif
| #ifdef HAVE_SYS_STAT_H
| # include <sys/stat.h>
| #endif
| #ifdef STDC_HEADERS
| # include <stdlib.h>
| # include <stddef.h>
| #else
| # ifdef HAVE_STDLIB_H
| #  include <stdlib.h>
| # endif
| #endif
| #ifdef HAVE_STRING_H
| # if !defined STDC_HEADERS && defined HAVE_MEMORY_H
| #  include <memory.h>
| # endif
| # include <string.h>
| #endif
| #ifdef HAVE_STRINGS_H
| # include <strings.h>
| #endif
| #ifdef HAVE_INTTYPES_H
| # include <inttypes.h>
| #endif
| #ifdef HAVE_STDINT_H
| # include <stdint.h>
| #endif
| #ifdef HAVE_UNISTD_H
| # include <unistd.h>
| #endif
| 	        enum { N = 64 / 2 - 1 };
| int
| main ()
| {
| static int test_array [1 - 2 * !((int64_t) (((((int64_t) 1 << N) << N) - 1) * 2 + 1)
| 		 < (int64_t) (((((int64_t) 1 << N) << N) - 1) * 2 + 2))];
| test_array [0] = 0;
| return test_array [0];
| 
|   ;
|   return 0;
| }
configure:6551: result: yes
configure:6562: checking for int8_t
configure:6562: gcc -c -I/home/oldosfan/jhbuild/install/include/geocode-glib-1.0 -I/home/oldosfan/jhbuild/install/include/glib-2.0 -I/home/oldosfan/jhbuild/install/lib/glib-2.0/include -pthread  -g -O2  conftest.c >&5
configure:6562: $? = 0
configure:6562: gcc -c -I/home/oldosfan/jhbuild/install/include/geocode-glib-1.0 -I/home/oldosfan/jhbuild/install/include/glib-2.0 -I/home/oldosfan/jhbuild/install/lib/glib-2.0/include -pthread  -g -O2  conftest.c >&5
conftest.c: In function 'main':
conftest.c:71:12: error: size of array 'test_array' is negative
   71 | static int test_array [1 - 2 * !((int8_t) (((((int8_t) 1 << N) << N) - 1) * 2 + 1)
      |            ^~~~~~~~~~
configure:6562: $? = 1
configure: failed program was:
| /* confdefs.h */
| #define PACKAGE_NAME "geocode_emacs"
| #define PACKAGE_TARNAME "geocode_emacs"
| #define PACKAGE_VERSION "1.0"
| #define PACKAGE_STRING "geocode_emacs 1.0"
| #define PACKAGE_BUGREPORT "none@dummy"
| #define PACKAGE_URL ""
| #define PACKAGE "geocode_emacs"
| #define VERSION "1.0"
| #define STDC_HEADERS 1
| #define HAVE_SYS_TYPES_H 1
| #define HAVE_SYS_STAT_H 1
| #define HAVE_STDLIB_H 1
| #define HAVE_STRING_H 1
| #define HAVE_MEMORY_H 1
| #define HAVE_STRINGS_H 1
| #define HAVE_INTTYPES_H 1
| #define HAVE_STDINT_H 1
| #define HAVE_UNISTD_H 1
| #define HAVE_ALLOCA_H 1
| #define HAVE_ALLOCA 1
| #define HAVE_FLOAT_H 1
| #define HAVE_LIMITS_H 1
| #define HAVE_MALLOC_H 1
| #define HAVE_STDDEF_H 1
| #define HAVE_STDINT_H 1
| #define HAVE_STDLIB_H 1
| #define HAVE_STRING_H 1
| #define HAVE_STRINGS_H 1
| #define HAVE_SYS_TIME_H 1
| #define HAVE_UNISTD_H 1
| #define HAVE__BOOL 1
| /* end confdefs.h.  */
| #include <stdio.h>
| #ifdef HAVE_SYS_TYPES_H
| # include <sys/types.h>
| #endif
| #ifdef HAVE_SYS_STAT_H
| # include <sys/stat.h>
| #endif
| #ifdef STDC_HEADERS
| # include <stdlib.h>
| # include <stddef.h>
| #else
| # ifdef HAVE_STDLIB_H
| #  include <stdlib.h>
| # endif
| #endif
| #ifdef HAVE_STRING_H
| # if !defined STDC_HEADERS && defined HAVE_MEMORY_H
| #  include <memory.h>
| # endif
| # include <string.h>
| #endif
| #ifdef HAVE_STRINGS_H
| # include <strings.h>
| #endif
| #ifdef HAVE_INTTYPES_H
| # include <inttypes.h>
| #endif
| #ifdef HAVE_STDINT_H
| # include <stdint.h>
| #endif
| #ifdef HAVE_UNISTD_H
| # include <unistd.h>
| #endif
| 	        enum { N = 8 / 2 - 1 };
| int
| main ()
| {
| static int test_array [1 - 2 * !((int8_t) (((((int8_t) 1 << N) << N) - 1) * 2 + 1)
| 		 < (int8_t) (((((int8_t) 1 << N) << N) - 1) * 2 + 2))];
| test_array [0] = 0;
| return test_array [0];
| 
|   ;
|   return 0;
| }
configure:6562: result: yes
configure:6573: checking for mode_t
configure:6573: gcc -c -I/home/oldosfan/jhbuild/install/include/geocode-glib-1.0 -I/home/oldosfan/jhbuild/install/include/glib-2.0 -I/home/oldosfan/jhbuild/install/lib/glib-2.0/include -pthread  -g -O2  conftest.c >&5
configure:6573: $? = 0
configure:6573: gcc -c -I/home/oldosfan/jhbuild/install/include/geocode-glib-1.0 -I/home/oldosfan/jhbuild/install/include/glib-2.0 -I/home/oldosfan/jhbuild/install/lib/glib-2.0/include -pthread  -g -O2  conftest.c >&5
conftest.c: In function 'main':
conftest.c:70:21: error: expected expression before ')' token
   70 | if (sizeof ((mode_t)))
      |                     ^
configure:6573: $? = 1
configure: failed program was:
| /* confdefs.h */
| #define PACKAGE_NAME "geocode_emacs"
| #define PACKAGE_TARNAME "geocode_emacs"
| #define PACKAGE_VERSION "1.0"
| #define PACKAGE_STRING "geocode_emacs 1.0"
| #define PACKAGE_BUGREPORT "none@dummy"
| #define PACKAGE_URL ""
| #define PACKAGE "geocode_emacs"
| #define VERSION "1.0"
| #define STDC_HEADERS 1
| #define HAVE_SYS_TYPES_H 1
| #define HAVE_SYS_STAT_H 1
| #define HAVE_STDLIB_H 1
| #define HAVE_STRING_H 1
| #define HAVE_MEMORY_H 1
| #define HAVE_STRINGS_H 1
| #define HAVE_INTTYPES_H 1
| #define HAVE_STDINT_H 1
| #define HAVE_UNISTD_H 1
| #define HAVE_ALLOCA_H 1
| #define HAVE_ALLOCA 1
| #define HAVE_FLOAT_H 1
| #define HAVE_LIMITS_H 1
| #define HAVE_MALLOC_H 1
| #define HAVE_STDDEF_H 1
| #define HAVE_STDINT_H 1
| #define HAVE_STDLIB_H 1
| #define HAVE_STRING_H 1
| #define HAVE_STRINGS_H 1
| #define HAVE_SYS_TIME_H 1
| #define HAVE_UNISTD_H 1
| #define HAVE__BOOL 1
| /* end confdefs.h.  */
| #include <stdio.h>
| #ifdef HAVE_SYS_TYPES_H
| # include <sys/types.h>
| #endif
| #ifdef HAVE_SYS_STAT_H
| # include <sys/stat.h>
| #endif
| #ifdef STDC_HEADERS
| # include <stdlib.h>
| # include <stddef.h>
| #else
| # ifdef HAVE_STDLIB_H
| #  include <stdlib.h>
| # endif
| #endif
| #ifdef HAVE_STRING_H
| # if !defined STDC_HEADERS && defined HAVE_MEMORY_H
| #  include <memory.h>
| # endif
| # include <string.h>
| #endif
| #ifdef HAVE_STRINGS_H
| # include <strings.h>
| #endif
| #ifdef HAVE_INTTYPES_H
| # include <inttypes.h>
| #endif
| #ifdef HAVE_STDINT_H
| # include <stdint.h>
| #endif
| #ifdef HAVE_UNISTD_H
| # include <unistd.h>
| #endif
| int
| main ()
| {
| if (sizeof ((mode_t)))
| 	    return 0;
|   ;
|   return 0;
| }
configure:6573: result: yes
configure:6584: checking for obstacks
configure:6605: gcc -o conftest -I/home/oldosfan/jhbuild/install/include/geocode-glib-1.0 -I/home/oldosfan/jhbuild/install/include/glib-2.0 -I/home/oldosfan/jhbuild/install/lib/glib-2.0/include -pthread  -g -O2  -L/home/oldosfan/jhbuild/install/lib -lgeocode-glib -lgio-2.0 -lgobject-2.0 -lglib-2.0  -L/home/oldosfan/jhbuild/install/lib  conftest.c  >&5
configure:6605: $? = 0
configure:6613: result: yes
configure:6628: checking for off_t
configure:6628: gcc -c -I/home/oldosfan/jhbuild/install/include/geocode-glib-1.0 -I/home/oldosfan/jhbuild/install/include/glib-2.0 -I/home/oldosfan/jhbuild/install/lib/glib-2.0/include -pthread  -g -O2  conftest.c >&5
configure:6628: $? = 0
configure:6628: gcc -c -I/home/oldosfan/jhbuild/install/include/geocode-glib-1.0 -I/home/oldosfan/jhbuild/install/include/glib-2.0 -I/home/oldosfan/jhbuild/install/lib/glib-2.0/include -pthread  -g -O2  conftest.c >&5
conftest.c: In function 'main':
conftest.c:71:20: error: expected expression before ')' token
   71 | if (sizeof ((off_t)))
      |                    ^
configure:6628: $? = 1
configure: failed program was:
| /* confdefs.h */
| #define PACKAGE_NAME "geocode_emacs"
| #define PACKAGE_TARNAME "geocode_emacs"
| #define PACKAGE_VERSION "1.0"
| #define PACKAGE_STRING "geocode_emacs 1.0"
| #define PACKAGE_BUGREPORT "none@dummy"
| #define PACKAGE_URL ""
| #define PACKAGE "geocode_emacs"
| #define VERSION "1.0"
| #define STDC_HEADERS 1
| #define HAVE_SYS_TYPES_H 1
| #define HAVE_SYS_STAT_H 1
| #define HAVE_STDLIB_H 1
| #define HAVE_STRING_H 1
| #define HAVE_MEMORY_H 1
| #define HAVE_STRINGS_H 1
| #define HAVE_INTTYPES_H 1
| #define HAVE_STDINT_H 1
| #define HAVE_UNISTD_H 1
| #define HAVE_ALLOCA_H 1
| #define HAVE_ALLOCA 1
| #define HAVE_FLOAT_H 1
| #define HAVE_LIMITS_H 1
| #define HAVE_MALLOC_H 1
| #define HAVE_STDDEF_H 1
| #define HAVE_STDINT_H 1
| #define HAVE_STDLIB_H 1
| #define HAVE_STRING_H 1
| #define HAVE_STRINGS_H 1
| #define HAVE_SYS_TIME_H 1
| #define HAVE_UNISTD_H 1
| #define HAVE__BOOL 1
| #define HAVE_OBSTACK 1
| /* end confdefs.h.  */
| #include <stdio.h>
| #ifdef HAVE_SYS_TYPES_H
| # include <sys/types.h>
| #endif
| #ifdef HAVE_SYS_STAT_H
| # include <sys/stat.h>
| #endif
| #ifdef STDC_HEADERS
| # include <stdlib.h>
| # include <stddef.h>
| #else
| # ifdef HAVE_STDLIB_H
| #  include <stdlib.h>
| # endif
| #endif
| #ifdef HAVE_STRING_H
| # if !defined STDC_HEADERS && defined HAVE_MEMORY_H
| #  include <memory.h>
| # endif
| # include <string.h>
| #endif
| #ifdef HAVE_STRINGS_H
| # include <strings.h>
| #endif
| #ifdef HAVE_INTTYPES_H
| # include <inttypes.h>
| #endif
| #ifdef HAVE_STDINT_H
| # include <stdint.h>
| #endif
| #ifdef HAVE_UNISTD_H
| # include <unistd.h>
| #endif
| int
| main ()
| {
| if (sizeof ((off_t)))
| 	    return 0;
|   ;
|   return 0;
| }
configure:6628: result: yes
configure:6639: checking for pid_t
configure:6639: gcc -c -I/home/oldosfan/jhbuild/install/include/geocode-glib-1.0 -I/home/oldosfan/jhbuild/install/include/glib-2.0 -I/home/oldosfan/jhbuild/install/lib/glib-2.0/include -pthread  -g -O2  conftest.c >&5
configure:6639: $? = 0
configure:6639: gcc -c -I/home/oldosfan/jhbuild/install/include/geocode-glib-1.0 -I/home/oldosfan/jhbuild/install/include/glib-2.0 -I/home/oldosfan/jhbuild/install/lib/glib-2.0/include -pthread  -g -O2  conftest.c >&5
conftest.c: In function 'main':
conftest.c:71:20: error: expected expression before ')' token
   71 | if (sizeof ((pid_t)))
      |                    ^
configure:6639: $? = 1
configure: failed program was:
| /* confdefs.h */
| #define PACKAGE_NAME "geocode_emacs"
| #define PACKAGE_TARNAME "geocode_emacs"
| #define PACKAGE_VERSION "1.0"
| #define PACKAGE_STRING "geocode_emacs 1.0"
| #define PACKAGE_BUGREPORT "none@dummy"
| #define PACKAGE_URL ""
| #define PACKAGE "geocode_emacs"
| #define VERSION "1.0"
| #define STDC_HEADERS 1
| #define HAVE_SYS_TYPES_H 1
| #define HAVE_SYS_STAT_H 1
| #define HAVE_STDLIB_H 1
| #define HAVE_STRING_H 1
| #define HAVE_MEMORY_H 1
| #define HAVE_STRINGS_H 1
| #define HAVE_INTTYPES_H 1
| #define HAVE_STDINT_H 1
| #define HAVE_UNISTD_H 1
| #define HAVE_ALLOCA_H 1
| #define HAVE_ALLOCA 1
| #define HAVE_FLOAT_H 1
| #define HAVE_LIMITS_H 1
| #define HAVE_MALLOC_H 1
| #define HAVE_STDDEF_H 1
| #define HAVE_STDINT_H 1
| #define HAVE_STDLIB_H 1
| #define HAVE_STRING_H 1
| #define HAVE_STRINGS_H 1
| #define HAVE_SYS_TIME_H 1
| #define HAVE_UNISTD_H 1
| #define HAVE__BOOL 1
| #define HAVE_OBSTACK 1
| /* end confdefs.h.  */
| #include <stdio.h>
| #ifdef HAVE_SYS_TYPES_H
| # include <sys/types.h>
| #endif
| #ifdef HAVE_SYS_STAT_H
| # include <sys/stat.h>
| #endif
| #ifdef STDC_HEADERS
| # include <stdlib.h>
| # include <stddef.h>
| #else
| # ifdef HAVE_STDLIB_H
| #  include <stdlib.h>
| # endif
| #endif
| #ifdef HAVE_STRING_H
| # if !defined STDC_HEADERS && defined HAVE_MEMORY_H
| #  include <memory.h>
| # endif
| # include <string.h>
| #endif
| #ifdef HAVE_STRINGS_H
| # include <strings.h>
| #endif
| #ifdef HAVE_INTTYPES_H
| # include <inttypes.h>
| #endif
| #ifdef HAVE_STDINT_H
| # include <stdint.h>
| #endif
| #ifdef HAVE_UNISTD_H
| # include <unistd.h>
| #endif
| int
| main ()
| {
| if (sizeof ((pid_t)))
| 	    return 0;
|   ;
|   return 0;
| }
configure:6639: result: yes
configure:6650: checking for C/C++ restrict keyword
configure:6675: gcc -c -I/home/oldosfan/jhbuild/install/include/geocode-glib-1.0 -I/home/oldosfan/jhbuild/install/include/glib-2.0 -I/home/oldosfan/jhbuild/install/lib/glib-2.0/include -pthread  -g -O2  conftest.c >&5
configure:6675: $? = 0
configure:6683: result: __restrict
configure:6696: checking for size_t
configure:6696: result: yes
configure:6707: checking for ssize_t
configure:6707: gcc -c -I/home/oldosfan/jhbuild/install/include/geocode-glib-1.0 -I/home/oldosfan/jhbuild/install/include/glib-2.0 -I/home/oldosfan/jhbuild/install/lib/glib-2.0/include -pthread  -g -O2  conftest.c >&5
configure:6707: $? = 0
configure:6707: gcc -c -I/home/oldosfan/jhbuild/install/include/geocode-glib-1.0 -I/home/oldosfan/jhbuild/install/include/glib-2.0 -I/home/oldosfan/jhbuild/install/lib/glib-2.0/include -pthread  -g -O2  conftest.c >&5
conftest.c: In function 'main':
conftest.c:72:22: error: expected expression before ')' token
   72 | if (sizeof ((ssize_t)))
      |                      ^
configure:6707: $? = 1
configure: failed program was:
| /* confdefs.h */
| #define PACKAGE_NAME "geocode_emacs"
| #define PACKAGE_TARNAME "geocode_emacs"
| #define PACKAGE_VERSION "1.0"
| #define PACKAGE_STRING "geocode_emacs 1.0"
| #define PACKAGE_BUGREPORT "none@dummy"
| #define PACKAGE_URL ""
| #define PACKAGE "geocode_emacs"
| #define VERSION "1.0"
| #define STDC_HEADERS 1
| #define HAVE_SYS_TYPES_H 1
| #define HAVE_SYS_STAT_H 1
| #define HAVE_STDLIB_H 1
| #define HAVE_STRING_H 1
| #define HAVE_MEMORY_H 1
| #define HAVE_STRINGS_H 1
| #define HAVE_INTTYPES_H 1
| #define HAVE_STDINT_H 1
| #define HAVE_UNISTD_H 1
| #define HAVE_ALLOCA_H 1
| #define HAVE_ALLOCA 1
| #define HAVE_FLOAT_H 1
| #define HAVE_LIMITS_H 1
| #define HAVE_MALLOC_H 1
| #define HAVE_STDDEF_H 1
| #define HAVE_STDINT_H 1
| #define HAVE_STDLIB_H 1
| #define HAVE_STRING_H 1
| #define HAVE_STRINGS_H 1
| #define HAVE_SYS_TIME_H 1
| #define HAVE_UNISTD_H 1
| #define HAVE__BOOL 1
| #define HAVE_OBSTACK 1
| #define restrict __restrict
| /* end confdefs.h.  */
| #include <stdio.h>
| #ifdef HAVE_SYS_TYPES_H
| # include <sys/types.h>
| #endif
| #ifdef HAVE_SYS_STAT_H
| # include <sys/stat.h>
| #endif
| #ifdef STDC_HEADERS
| # include <stdlib.h>
| # include <stddef.h>
| #else
| # ifdef HAVE_STDLIB_H
| #  include <stdlib.h>
| # endif
| #endif
| #ifdef HAVE_STRING_H
| # if !defined STDC_HEADERS && defined HAVE_MEMORY_H
| #  include <memory.h>
| # endif
| # include <string.h>
| #endif
| #ifdef HAVE_STRINGS_H
| # include <strings.h>
| #endif
| #ifdef HAVE_INTTYPES_H
| # include <inttypes.h>
| #endif
| #ifdef HAVE_STDINT_H
| # include <stdint.h>
| #endif
| #ifdef HAVE_UNISTD_H
| # include <unistd.h>
| #endif
| int
| main ()
| {
| if (sizeof ((ssize_t)))
| 	    return 0;
|   ;
|   return 0;
| }
configure:6707: result: yes
configure:6718: checking whether sys_siglist is declared
configure:6718: gcc -c -I/home/oldosfan/jhbuild/install/include/geocode-glib-1.0 -I/home/oldosfan/jhbuild/install/include/glib-2.0 -I/home/oldosfan/jhbuild/install/lib/glib-2.0/include -pthread  -g -O2  conftest.c >&5
conftest.c: In function 'main':
conftest.c:76:10: error: 'sys_siglist' undeclared (first use in this function); did you mean 'sys_errlist'?
   76 |   (void) sys_siglist;
      |          ^~~~~~~~~~~
      |          sys_errlist
conftest.c:76:10: note: each undeclared identifier is reported only once for each function it appears in
configure:6718: $? = 1
configure: failed program was:
| /* confdefs.h */
| #define PACKAGE_NAME "geocode_emacs"
| #define PACKAGE_TARNAME "geocode_emacs"
| #define PACKAGE_VERSION "1.0"
| #define PACKAGE_STRING "geocode_emacs 1.0"
| #define PACKAGE_BUGREPORT "none@dummy"
| #define PACKAGE_URL ""
| #define PACKAGE "geocode_emacs"
| #define VERSION "1.0"
| #define STDC_HEADERS 1
| #define HAVE_SYS_TYPES_H 1
| #define HAVE_SYS_STAT_H 1
| #define HAVE_STDLIB_H 1
| #define HAVE_STRING_H 1
| #define HAVE_MEMORY_H 1
| #define HAVE_STRINGS_H 1
| #define HAVE_INTTYPES_H 1
| #define HAVE_STDINT_H 1
| #define HAVE_UNISTD_H 1
| #define HAVE_ALLOCA_H 1
| #define HAVE_ALLOCA 1
| #define HAVE_FLOAT_H 1
| #define HAVE_LIMITS_H 1
| #define HAVE_MALLOC_H 1
| #define HAVE_STDDEF_H 1
| #define HAVE_STDINT_H 1
| #define HAVE_STDLIB_H 1
| #define HAVE_STRING_H 1
| #define HAVE_STRINGS_H 1
| #define HAVE_SYS_TIME_H 1
| #define HAVE_UNISTD_H 1
| #define HAVE__BOOL 1
| #define HAVE_OBSTACK 1
| #define restrict __restrict
| /* end confdefs.h.  */
| #include <stdio.h>
| #ifdef HAVE_SYS_TYPES_H
| # include <sys/types.h>
| #endif
| #ifdef HAVE_SYS_STAT_H
| # include <sys/stat.h>
| #endif
| #ifdef STDC_HEADERS
| # include <stdlib.h>
| # include <stddef.h>
| #else
| # ifdef HAVE_STDLIB_H
| #  include <stdlib.h>
| # endif
| #endif
| #ifdef HAVE_STRING_H
| # if !defined STDC_HEADERS && defined HAVE_MEMORY_H
| #  include <memory.h>
| # endif
| # include <string.h>
| #endif
| #ifdef HAVE_STRINGS_H
| # include <strings.h>
| #endif
| #ifdef HAVE_INTTYPES_H
| # include <inttypes.h>
| #endif
| #ifdef HAVE_STDINT_H
| # include <stdint.h>
| #endif
| #ifdef HAVE_UNISTD_H
| # include <unistd.h>
| #endif
| int
| main ()
| {
| #ifndef sys_siglist
| #ifdef __cplusplus
|   (void) sys_siglist;
| #else
|   (void) sys_siglist;
| #endif
| #endif
| 
|   ;
|   return 0;
| }
configure:6718: result: no
configure:6729: checking whether struct tm is in sys/time.h or time.h
configure:6749: gcc -c -I/home/oldosfan/jhbuild/install/include/geocode-glib-1.0 -I/home/oldosfan/jhbuild/install/include/glib-2.0 -I/home/oldosfan/jhbuild/install/lib/glib-2.0/include -pthread  -g -O2  conftest.c >&5
configure:6749: $? = 0
configure:6756: result: time.h
configure:6764: checking for struct tm.tm_zone
configure:6764: gcc -c -I/home/oldosfan/jhbuild/install/include/geocode-glib-1.0 -I/home/oldosfan/jhbuild/install/include/glib-2.0 -I/home/oldosfan/jhbuild/install/lib/glib-2.0/include -pthread  -g -O2  conftest.c >&5
configure:6764: $? = 0
configure:6764: result: yes
configure:6831: checking for uint16_t
configure:6831: gcc -c -I/home/oldosfan/jhbuild/install/include/geocode-glib-1.0 -I/home/oldosfan/jhbuild/install/include/glib-2.0 -I/home/oldosfan/jhbuild/install/lib/glib-2.0/include -pthread  -g -O2  conftest.c >&5
configure:6831: $? = 0
configure:6831: result: yes
configure:6843: checking for uint32_t
configure:6843: gcc -c -I/home/oldosfan/jhbuild/install/include/geocode-glib-1.0 -I/home/oldosfan/jhbuild/install/include/glib-2.0 -I/home/oldosfan/jhbuild/install/lib/glib-2.0/include -pthread  -g -O2  conftest.c >&5
configure:6843: $? = 0
configure:6843: result: yes
configure:6857: checking for uint64_t
configure:6857: gcc -c -I/home/oldosfan/jhbuild/install/include/geocode-glib-1.0 -I/home/oldosfan/jhbuild/install/include/glib-2.0 -I/home/oldosfan/jhbuild/install/lib/glib-2.0/include -pthread  -g -O2  conftest.c >&5
configure:6857: $? = 0
configure:6857: result: yes
configure:6871: checking for uint8_t
configure:6871: gcc -c -I/home/oldosfan/jhbuild/install/include/geocode-glib-1.0 -I/home/oldosfan/jhbuild/install/include/glib-2.0 -I/home/oldosfan/jhbuild/install/lib/glib-2.0/include -pthread  -g -O2  conftest.c >&5
configure:6871: $? = 0
configure:6871: result: yes
configure:6885: checking for ptrdiff_t
configure:6885: gcc -c -I/home/oldosfan/jhbuild/install/include/geocode-glib-1.0 -I/home/oldosfan/jhbuild/install/include/glib-2.0 -I/home/oldosfan/jhbuild/install/lib/glib-2.0/include -pthread  -g -O2  conftest.c >&5
configure:6885: $? = 0
configure:6885: gcc -c -I/home/oldosfan/jhbuild/install/include/geocode-glib-1.0 -I/home/oldosfan/jhbuild/install/include/glib-2.0 -I/home/oldosfan/jhbuild/install/lib/glib-2.0/include -pthread  -g -O2  conftest.c >&5
conftest.c: In function 'main':
conftest.c:75:24: error: expected expression before ')' token
   75 | if (sizeof ((ptrdiff_t)))
      |                        ^
configure:6885: $? = 1
configure: failed program was:
| /* confdefs.h */
| #define PACKAGE_NAME "geocode_emacs"
| #define PACKAGE_TARNAME "geocode_emacs"
| #define PACKAGE_VERSION "1.0"
| #define PACKAGE_STRING "geocode_emacs 1.0"
| #define PACKAGE_BUGREPORT "none@dummy"
| #define PACKAGE_URL ""
| #define PACKAGE "geocode_emacs"
| #define VERSION "1.0"
| #define STDC_HEADERS 1
| #define HAVE_SYS_TYPES_H 1
| #define HAVE_SYS_STAT_H 1
| #define HAVE_STDLIB_H 1
| #define HAVE_STRING_H 1
| #define HAVE_MEMORY_H 1
| #define HAVE_STRINGS_H 1
| #define HAVE_INTTYPES_H 1
| #define HAVE_STDINT_H 1
| #define HAVE_UNISTD_H 1
| #define HAVE_ALLOCA_H 1
| #define HAVE_ALLOCA 1
| #define HAVE_FLOAT_H 1
| #define HAVE_LIMITS_H 1
| #define HAVE_MALLOC_H 1
| #define HAVE_STDDEF_H 1
| #define HAVE_STDINT_H 1
| #define HAVE_STDLIB_H 1
| #define HAVE_STRING_H 1
| #define HAVE_STRINGS_H 1
| #define HAVE_SYS_TIME_H 1
| #define HAVE_UNISTD_H 1
| #define HAVE__BOOL 1
| #define HAVE_OBSTACK 1
| #define restrict __restrict
| #define HAVE_DECL_SYS_SIGLIST 0
| #define HAVE_STRUCT_TM_TM_ZONE 1
| #define HAVE_TM_ZONE 1
| /* end confdefs.h.  */
| #include <stdio.h>
| #ifdef HAVE_SYS_TYPES_H
| # include <sys/types.h>
| #endif
| #ifdef HAVE_SYS_STAT_H
| # include <sys/stat.h>
| #endif
| #ifdef STDC_HEADERS
| # include <stdlib.h>
| # include <stddef.h>
| #else
| # ifdef HAVE_STDLIB_H
| #  include <stdlib.h>
| # endif
| #endif
| #ifdef HAVE_STRING_H
| # if !defined STDC_HEADERS && defined HAVE_MEMORY_H
| #  include <memory.h>
| # endif
| # include <string.h>
| #endif
| #ifdef HAVE_STRINGS_H
| # include <strings.h>
| #endif
| #ifdef HAVE_INTTYPES_H
| # include <inttypes.h>
| #endif
| #ifdef HAVE_STDINT_H
| # include <stdint.h>
| #endif
| #ifdef HAVE_UNISTD_H
| # include <unistd.h>
| #endif
| int
| main ()
| {
| if (sizeof ((ptrdiff_t)))
| 	    return 0;
|   ;
|   return 0;
| }
configure:6885: result: yes
configure:6897: checking for _LARGEFILE_SOURCE value needed for large files
configure:6916: gcc -o conftest -I/home/oldosfan/jhbuild/install/include/geocode-glib-1.0 -I/home/oldosfan/jhbuild/install/include/glib-2.0 -I/home/oldosfan/jhbuild/install/lib/glib-2.0/include -pthread  -g -O2  -L/home/oldosfan/jhbuild/install/lib -lgeocode-glib -lgio-2.0 -lgobject-2.0 -lglib-2.0  -L/home/oldosfan/jhbuild/install/lib  conftest.c  >&5
configure:6916: $? = 0
configure:6944: result: no
configure:6967: checking for stdlib.h
configure:6967: result: yes
configure:6977: checking for GNU libc compatible malloc
configure:7001: gcc -o conftest -I/home/oldosfan/jhbuild/install/include/geocode-glib-1.0 -I/home/oldosfan/jhbuild/install/include/glib-2.0 -I/home/oldosfan/jhbuild/install/lib/glib-2.0/include -pthread  -g -O2  -L/home/oldosfan/jhbuild/install/lib -lgeocode-glib -lgio-2.0 -lgobject-2.0 -lglib-2.0  -L/home/oldosfan/jhbuild/install/lib  conftest.c  >&5
configure:7001: $? = 0
configure:7001: ./conftest
configure:7001: $? = 0
configure:7011: result: yes
configure:7032: checking whether time.h and sys/time.h may both be included
configure:7052: gcc -c -I/home/oldosfan/jhbuild/install/include/geocode-glib-1.0 -I/home/oldosfan/jhbuild/install/include/glib-2.0 -I/home/oldosfan/jhbuild/install/lib/glib-2.0/include -pthread  -g -O2  conftest.c >&5
configure:7052: $? = 0
configure:7059: result: yes
configure:7073: checking for sys/time.h
configure:7073: result: yes
configure:7073: checking for unistd.h
configure:7073: result: yes
configure:7094: checking for alarm
configure:7094: gcc -o conftest -I/home/oldosfan/jhbuild/install/include/geocode-glib-1.0 -I/home/oldosfan/jhbuild/install/include/glib-2.0 -I/home/oldosfan/jhbuild/install/lib/glib-2.0/include -pthread  -g -O2  -L/home/oldosfan/jhbuild/install/lib -lgeocode-glib -lgio-2.0 -lgobject-2.0 -lglib-2.0  -L/home/oldosfan/jhbuild/install/lib  conftest.c  >&5
configure:7094: $? = 0
configure:7094: result: yes
configure:7107: checking for working mktime
configure:7309: gcc -o conftest -I/home/oldosfan/jhbuild/install/include/geocode-glib-1.0 -I/home/oldosfan/jhbuild/install/include/glib-2.0 -I/home/oldosfan/jhbuild/install/lib/glib-2.0/include -pthread  -g -O2  -L/home/oldosfan/jhbuild/install/lib -lgeocode-glib -lgio-2.0 -lgobject-2.0 -lglib-2.0  -L/home/oldosfan/jhbuild/install/lib  conftest.c  >&5
configure:7309: $? = 0
configure:7309: ./conftest
configure:7309: $? = 0
configure:7319: result: yes
configure:7332: checking for stdlib.h
configure:7332: result: yes
configure:7342: checking for GNU libc compatible realloc
configure:7366: gcc -o conftest -I/home/oldosfan/jhbuild/install/include/geocode-glib-1.0 -I/home/oldosfan/jhbuild/install/include/glib-2.0 -I/home/oldosfan/jhbuild/install/lib/glib-2.0/include -pthread  -g -O2  -L/home/oldosfan/jhbuild/install/lib -lgeocode-glib -lgio-2.0 -lgobject-2.0 -lglib-2.0  -L/home/oldosfan/jhbuild/install/lib  conftest.c  >&5
configure:7366: $? = 0
configure:7366: ./conftest
configure:7366: $? = 0
configure:7376: result: yes
configure:7397: checking for working strcoll
configure:7418: gcc -o conftest -I/home/oldosfan/jhbuild/install/include/geocode-glib-1.0 -I/home/oldosfan/jhbuild/install/include/glib-2.0 -I/home/oldosfan/jhbuild/install/lib/glib-2.0/include -pthread  -g -O2  -L/home/oldosfan/jhbuild/install/lib -lgeocode-glib -lgio-2.0 -lgobject-2.0 -lglib-2.0  -L/home/oldosfan/jhbuild/install/lib  conftest.c  >&5
configure:7418: $? = 0
configure:7418: ./conftest
configure:7418: $? = 0
configure:7428: result: yes
configure:7436: checking whether strerror_r is declared
configure:7436: gcc -c -I/home/oldosfan/jhbuild/install/include/geocode-glib-1.0 -I/home/oldosfan/jhbuild/install/include/glib-2.0 -I/home/oldosfan/jhbuild/install/lib/glib-2.0/include -pthread  -g -O2  conftest.c >&5
configure:7436: $? = 0
configure:7436: result: yes
configure:7449: checking for strerror_r
configure:7449: gcc -o conftest -I/home/oldosfan/jhbuild/install/include/geocode-glib-1.0 -I/home/oldosfan/jhbuild/install/include/glib-2.0 -I/home/oldosfan/jhbuild/install/lib/glib-2.0/include -pthread  -g -O2  -L/home/oldosfan/jhbuild/install/lib -lgeocode-glib -lgio-2.0 -lgobject-2.0 -lglib-2.0  -L/home/oldosfan/jhbuild/install/lib  conftest.c  >&5
configure:7449: $? = 0
configure:7449: result: yes
configure:7458: checking whether strerror_r returns char *
configure:7482: gcc -c -I/home/oldosfan/jhbuild/install/include/geocode-glib-1.0 -I/home/oldosfan/jhbuild/install/include/glib-2.0 -I/home/oldosfan/jhbuild/install/lib/glib-2.0/include -pthread  -g -O2  conftest.c >&5
conftest.c: In function 'main':
conftest.c:90:13: error: invalid type argument of unary '*' (have 'int')
   90 |    char x = *strerror_r (0, buf, sizeof buf);
      |             ^~~~~~~~~~~~~~~~~~~~~~~~~~~~~~~~
conftest.c:91:14: warning: initialization of 'char *' from 'int' makes pointer from integer without a cast [-Wint-conversion]
   91 |    char *p = strerror_r (0, buf, sizeof buf);
      |              ^~~~~~~~~~
configure:7482: $? = 1
configure: failed program was:
| /* confdefs.h */
| #define PACKAGE_NAME "geocode_emacs"
| #define PACKAGE_TARNAME "geocode_emacs"
| #define PACKAGE_VERSION "1.0"
| #define PACKAGE_STRING "geocode_emacs 1.0"
| #define PACKAGE_BUGREPORT "none@dummy"
| #define PACKAGE_URL ""
| #define PACKAGE "geocode_emacs"
| #define VERSION "1.0"
| #define STDC_HEADERS 1
| #define HAVE_SYS_TYPES_H 1
| #define HAVE_SYS_STAT_H 1
| #define HAVE_STDLIB_H 1
| #define HAVE_STRING_H 1
| #define HAVE_MEMORY_H 1
| #define HAVE_STRINGS_H 1
| #define HAVE_INTTYPES_H 1
| #define HAVE_STDINT_H 1
| #define HAVE_UNISTD_H 1
| #define HAVE_ALLOCA_H 1
| #define HAVE_ALLOCA 1
| #define HAVE_FLOAT_H 1
| #define HAVE_LIMITS_H 1
| #define HAVE_MALLOC_H 1
| #define HAVE_STDDEF_H 1
| #define HAVE_STDINT_H 1
| #define HAVE_STDLIB_H 1
| #define HAVE_STRING_H 1
| #define HAVE_STRINGS_H 1
| #define HAVE_SYS_TIME_H 1
| #define HAVE_UNISTD_H 1
| #define HAVE__BOOL 1
| #define HAVE_OBSTACK 1
| #define restrict __restrict
| #define HAVE_DECL_SYS_SIGLIST 0
| #define HAVE_STRUCT_TM_TM_ZONE 1
| #define HAVE_TM_ZONE 1
| #define HAVE_PTRDIFF_T 1
| #define HAVE_FSEEKO 1
| #define HAVE_STDLIB_H 1
| #define HAVE_MALLOC 1
| #define TIME_WITH_SYS_TIME 1
| #define HAVE_SYS_TIME_H 1
| #define HAVE_UNISTD_H 1
| #define HAVE_ALARM 1
| #define HAVE_STDLIB_H 1
| #define HAVE_REALLOC 1
| #define HAVE_STRCOLL 1
| #define HAVE_DECL_STRERROR_R 1
| #define HAVE_STRERROR_R 1
| /* end confdefs.h.  */
| #include <stdio.h>
| #ifdef HAVE_SYS_TYPES_H
| # include <sys/types.h>
| #endif
| #ifdef HAVE_SYS_STAT_H
| # include <sys/stat.h>
| #endif
| #ifdef STDC_HEADERS
| # include <stdlib.h>
| # include <stddef.h>
| #else
| # ifdef HAVE_STDLIB_H
| #  include <stdlib.h>
| # endif
| #endif
| #ifdef HAVE_STRING_H
| # if !defined STDC_HEADERS && defined HAVE_MEMORY_H
| #  include <memory.h>
| # endif
| # include <string.h>
| #endif
| #ifdef HAVE_STRINGS_H
| # include <strings.h>
| #endif
| #ifdef HAVE_INTTYPES_H
| # include <inttypes.h>
| #endif
| #ifdef HAVE_STDINT_H
| # include <stdint.h>
| #endif
| #ifdef HAVE_UNISTD_H
| # include <unistd.h>
| #endif
| int
| main ()
| {
| 
| 	  char buf[100];
| 	  char x = *strerror_r (0, buf, sizeof buf);
| 	  char *p = strerror_r (0, buf, sizeof buf);
| 	  return !p || x;
| 
|   ;
|   return 0;
| }
configure:7520: result: no
configure:7528: checking for working strtod
configure:7569: gcc -o conftest -I/home/oldosfan/jhbuild/install/include/geocode-glib-1.0 -I/home/oldosfan/jhbuild/install/include/glib-2.0 -I/home/oldosfan/jhbuild/install/lib/glib-2.0/include -pthread  -g -O2  -L/home/oldosfan/jhbuild/install/lib -lgeocode-glib -lgio-2.0 -lgobject-2.0 -lglib-2.0  -L/home/oldosfan/jhbuild/install/lib  conftest.c  >&5
configure:7569: $? = 0
configure:7569: ./conftest
configure:7569: $? = 0
configure:7579: result: yes
configure:7644: checking for atexit
configure:7644: gcc -o conftest -I/home/oldosfan/jhbuild/install/include/geocode-glib-1.0 -I/home/oldosfan/jhbuild/install/include/glib-2.0 -I/home/oldosfan/jhbuild/install/lib/glib-2.0/include -pthread  -g -O2  -L/home/oldosfan/jhbuild/install/lib -lgeocode-glib -lgio-2.0 -lgobject-2.0 -lglib-2.0  -L/home/oldosfan/jhbuild/install/lib  conftest.c  >&5
configure:7644: $? = 0
configure:7644: result: yes
configure:7644: checking for bzero
configure:7644: gcc -o conftest -I/home/oldosfan/jhbuild/install/include/geocode-glib-1.0 -I/home/oldosfan/jhbuild/install/include/glib-2.0 -I/home/oldosfan/jhbuild/install/lib/glib-2.0/include -pthread  -g -O2  -L/home/oldosfan/jhbuild/install/lib -lgeocode-glib -lgio-2.0 -lgobject-2.0 -lglib-2.0  -L/home/oldosfan/jhbuild/install/lib  conftest.c  >&5
conftest.c:76:6: warning: conflicting types for built-in function 'bzero'; expected 'void(void *, long unsigned int)' [-Wbuiltin-declaration-mismatch]
   76 | char bzero ();
      |      ^~~~~
configure:7644: $? = 0
configure:7644: result: yes
configure:7644: checking for clock_gettime
configure:7644: gcc -o conftest -I/home/oldosfan/jhbuild/install/include/geocode-glib-1.0 -I/home/oldosfan/jhbuild/install/include/glib-2.0 -I/home/oldosfan/jhbuild/install/lib/glib-2.0/include -pthread  -g -O2  -L/home/oldosfan/jhbuild/install/lib -lgeocode-glib -lgio-2.0 -lgobject-2.0 -lglib-2.0  -L/home/oldosfan/jhbuild/install/lib  conftest.c  >&5
configure:7644: $? = 0
configure:7644: result: yes
configure:7644: checking for getdelim
configure:7644: gcc -o conftest -I/home/oldosfan/jhbuild/install/include/geocode-glib-1.0 -I/home/oldosfan/jhbuild/install/include/glib-2.0 -I/home/oldosfan/jhbuild/install/lib/glib-2.0/include -pthread  -g -O2  -L/home/oldosfan/jhbuild/install/lib -lgeocode-glib -lgio-2.0 -lgobject-2.0 -lglib-2.0  -L/home/oldosfan/jhbuild/install/lib  conftest.c  >&5
configure:7644: $? = 0
configure:7644: result: yes
configure:7644: checking for gettimeofday
configure:7644: gcc -o conftest -I/home/oldosfan/jhbuild/install/include/geocode-glib-1.0 -I/home/oldosfan/jhbuild/install/include/glib-2.0 -I/home/oldosfan/jhbuild/install/lib/glib-2.0/include -pthread  -g -O2  -L/home/oldosfan/jhbuild/install/lib -lgeocode-glib -lgio-2.0 -lgobject-2.0 -lglib-2.0  -L/home/oldosfan/jhbuild/install/lib  conftest.c  >&5
configure:7644: $? = 0
configure:7644: result: yes
configure:7644: checking for localtime_r
configure:7644: gcc -o conftest -I/home/oldosfan/jhbuild/install/include/geocode-glib-1.0 -I/home/oldosfan/jhbuild/install/include/glib-2.0 -I/home/oldosfan/jhbuild/install/lib/glib-2.0/include -pthread  -g -O2  -L/home/oldosfan/jhbuild/install/lib -lgeocode-glib -lgio-2.0 -lgobject-2.0 -lglib-2.0  -L/home/oldosfan/jhbuild/install/lib  conftest.c  >&5
configure:7644: $? = 0
configure:7644: result: yes
configure:7644: checking for mblen
configure:7644: gcc -o conftest -I/home/oldosfan/jhbuild/install/include/geocode-glib-1.0 -I/home/oldosfan/jhbuild/install/include/glib-2.0 -I/home/oldosfan/jhbuild/install/lib/glib-2.0/include -pthread  -g -O2  -L/home/oldosfan/jhbuild/install/lib -lgeocode-glib -lgio-2.0 -lgobject-2.0 -lglib-2.0  -L/home/oldosfan/jhbuild/install/lib  conftest.c  >&5
configure:7644: $? = 0
configure:7644: result: yes
configure:7644: checking for memchr
configure:7644: gcc -o conftest -I/home/oldosfan/jhbuild/install/include/geocode-glib-1.0 -I/home/oldosfan/jhbuild/install/include/glib-2.0 -I/home/oldosfan/jhbuild/install/lib/glib-2.0/include -pthread  -g -O2  -L/home/oldosfan/jhbuild/install/lib -lgeocode-glib -lgio-2.0 -lgobject-2.0 -lglib-2.0  -L/home/oldosfan/jhbuild/install/lib  conftest.c  >&5
conftest.c:82:6: warning: conflicting types for built-in function 'memchr'; expected 'void *(const void *, int,  long unsigned int)' [-Wbuiltin-declaration-mismatch]
   82 | char memchr ();
      |      ^~~~~~
conftest.c:70:1: note: 'memchr' is declared in header '<string.h>'
   69 | # include <limits.h>
   70 | #else
configure:7644: $? = 0
configure:7644: result: yes
configure:7644: checking for memmove
configure:7644: gcc -o conftest -I/home/oldosfan/jhbuild/install/include/geocode-glib-1.0 -I/home/oldosfan/jhbuild/install/include/glib-2.0 -I/home/oldosfan/jhbuild/install/lib/glib-2.0/include -pthread  -g -O2  -L/home/oldosfan/jhbuild/install/lib -lgeocode-glib -lgio-2.0 -lgobject-2.0 -lglib-2.0  -L/home/oldosfan/jhbuild/install/lib  conftest.c  >&5
conftest.c:83:6: warning: conflicting types for built-in function 'memmove'; expected 'void *(void *, const void *, long unsigned int)' [-Wbuiltin-declaration-mismatch]
   83 | char memmove ();
      |      ^~~~~~~
conftest.c:71:1: note: 'memmove' is declared in header '<string.h>'
   70 | # include <limits.h>
   71 | #else
configure:7644: $? = 0
configure:7644: result: yes
configure:7644: checking for mempcpy
configure:7644: gcc -o conftest -I/home/oldosfan/jhbuild/install/include/geocode-glib-1.0 -I/home/oldosfan/jhbuild/install/include/glib-2.0 -I/home/oldosfan/jhbuild/install/lib/glib-2.0/include -pthread  -g -O2  -L/home/oldosfan/jhbuild/install/lib -lgeocode-glib -lgio-2.0 -lgobject-2.0 -lglib-2.0  -L/home/oldosfan/jhbuild/install/lib  conftest.c  >&5
conftest.c:84:6: warning: conflicting types for built-in function 'mempcpy'; expected 'void *(void *, const void *, long unsigned int)' [-Wbuiltin-declaration-mismatch]
   84 | char mempcpy ();
      |      ^~~~~~~
configure:7644: $? = 0
configure:7644: result: yes
configure:7644: checking for memset
configure:7644: gcc -o conftest -I/home/oldosfan/jhbuild/install/include/geocode-glib-1.0 -I/home/oldosfan/jhbuild/install/include/glib-2.0 -I/home/oldosfan/jhbuild/install/lib/glib-2.0/include -pthread  -g -O2  -L/home/oldosfan/jhbuild/install/lib -lgeocode-glib -lgio-2.0 -lgobject-2.0 -lglib-2.0  -L/home/oldosfan/jhbuild/install/lib  conftest.c  >&5
conftest.c:85:6: warning: conflicting types for built-in function 'memset'; expected 'void *(void *, int,  long unsigned int)' [-Wbuiltin-declaration-mismatch]
   85 | char memset ();
      |      ^~~~~~
conftest.c:73:1: note: 'memset' is declared in header '<string.h>'
   72 | # include <limits.h>
   73 | #else
configure:7644: $? = 0
configure:7644: result: yes
configure:7644: checking for putenv
configure:7644: gcc -o conftest -I/home/oldosfan/jhbuild/install/include/geocode-glib-1.0 -I/home/oldosfan/jhbuild/install/include/glib-2.0 -I/home/oldosfan/jhbuild/install/lib/glib-2.0/include -pthread  -g -O2  -L/home/oldosfan/jhbuild/install/lib -lgeocode-glib -lgio-2.0 -lgobject-2.0 -lglib-2.0  -L/home/oldosfan/jhbuild/install/lib  conftest.c  >&5
configure:7644: $? = 0
configure:7644: result: yes
configure:7644: checking for realpath
configure:7644: gcc -o conftest -I/home/oldosfan/jhbuild/install/include/geocode-glib-1.0 -I/home/oldosfan/jhbuild/install/include/glib-2.0 -I/home/oldosfan/jhbuild/install/lib/glib-2.0/include -pthread  -g -O2  -L/home/oldosfan/jhbuild/install/lib -lgeocode-glib -lgio-2.0 -lgobject-2.0 -lglib-2.0  -L/home/oldosfan/jhbuild/install/lib  conftest.c  >&5
configure:7644: $? = 0
configure:7644: result: yes
configure:7644: checking for rpmatch
configure:7644: gcc -o conftest -I/home/oldosfan/jhbuild/install/include/geocode-glib-1.0 -I/home/oldosfan/jhbuild/install/include/glib-2.0 -I/home/oldosfan/jhbuild/install/lib/glib-2.0/include -pthread  -g -O2  -L/home/oldosfan/jhbuild/install/lib -lgeocode-glib -lgio-2.0 -lgobject-2.0 -lglib-2.0  -L/home/oldosfan/jhbuild/install/lib  conftest.c  >&5
configure:7644: $? = 0
configure:7644: result: yes
configure:7644: checking for select
configure:7644: gcc -o conftest -I/home/oldosfan/jhbuild/install/include/geocode-glib-1.0 -I/home/oldosfan/jhbuild/install/include/glib-2.0 -I/home/oldosfan/jhbuild/install/lib/glib-2.0/include -pthread  -g -O2  -L/home/oldosfan/jhbuild/install/lib -lgeocode-glib -lgio-2.0 -lgobject-2.0 -lglib-2.0  -L/home/oldosfan/jhbuild/install/lib  conftest.c  >&5
configure:7644: $? = 0
configure:7644: result: yes
configure:7644: checking for setenv
configure:7644: gcc -o conftest -I/home/oldosfan/jhbuild/install/include/geocode-glib-1.0 -I/home/oldosfan/jhbuild/install/include/glib-2.0 -I/home/oldosfan/jhbuild/install/lib/glib-2.0/include -pthread  -g -O2  -L/home/oldosfan/jhbuild/install/lib -lgeocode-glib -lgio-2.0 -lgobject-2.0 -lglib-2.0  -L/home/oldosfan/jhbuild/install/lib  conftest.c  >&5
configure:7644: $? = 0
configure:7644: result: yes
configure:7644: checking for stpcpy
configure:7644: gcc -o conftest -I/home/oldosfan/jhbuild/install/include/geocode-glib-1.0 -I/home/oldosfan/jhbuild/install/include/glib-2.0 -I/home/oldosfan/jhbuild/install/lib/glib-2.0/include -pthread  -g -O2  -L/home/oldosfan/jhbuild/install/lib -lgeocode-glib -lgio-2.0 -lgobject-2.0 -lglib-2.0  -L/home/oldosfan/jhbuild/install/lib  conftest.c  >&5
conftest.c:91:6: warning: conflicting types for built-in function 'stpcpy'; expected 'char *(char *, const char *)' [-Wbuiltin-declaration-mismatch]
   91 | char stpcpy ();
      |      ^~~~~~
configure:7644: $? = 0
configure:7644: result: yes
configure:7644: checking for strcasecmp
configure:7644: gcc -o conftest -I/home/oldosfan/jhbuild/install/include/geocode-glib-1.0 -I/home/oldosfan/jhbuild/install/include/glib-2.0 -I/home/oldosfan/jhbuild/install/lib/glib-2.0/include -pthread  -g -O2  -L/home/oldosfan/jhbuild/install/lib -lgeocode-glib -lgio-2.0 -lgobject-2.0 -lglib-2.0  -L/home/oldosfan/jhbuild/install/lib  conftest.c  >&5
conftest.c:92:6: warning: conflicting types for built-in function 'strcasecmp'; expected 'int(const char *, const char *)' [-Wbuiltin-declaration-mismatch]
   92 | char strcasecmp ();
      |      ^~~~~~~~~~
configure:7644: $? = 0
configure:7644: result: yes
configure:7644: checking for strchr
configure:7644: gcc -o conftest -I/home/oldosfan/jhbuild/install/include/geocode-glib-1.0 -I/home/oldosfan/jhbuild/install/include/glib-2.0 -I/home/oldosfan/jhbuild/install/lib/glib-2.0/include -pthread  -g -O2  -L/home/oldosfan/jhbuild/install/lib -lgeocode-glib -lgio-2.0 -lgobject-2.0 -lglib-2.0  -L/home/oldosfan/jhbuild/install/lib  conftest.c  >&5
conftest.c:93:6: warning: conflicting types for built-in function 'strchr'; expected 'char *(const char *, int)' [-Wbuiltin-declaration-mismatch]
   93 | char strchr ();
      |      ^~~~~~
conftest.c:81:1: note: 'strchr' is declared in header '<string.h>'
   80 | # include <limits.h>
   81 | #else
configure:7644: $? = 0
configure:7644: result: yes
configure:7644: checking for strcspn
configure:7644: gcc -o conftest -I/home/oldosfan/jhbuild/install/include/geocode-glib-1.0 -I/home/oldosfan/jhbuild/install/include/glib-2.0 -I/home/oldosfan/jhbuild/install/lib/glib-2.0/include -pthread  -g -O2  -L/home/oldosfan/jhbuild/install/lib -lgeocode-glib -lgio-2.0 -lgobject-2.0 -lglib-2.0  -L/home/oldosfan/jhbuild/install/lib  conftest.c  >&5
conftest.c:94:6: warning: conflicting types for built-in function 'strcspn'; expected 'long unsigned int(const char *, const char *)' [-Wbuiltin-declaration-mismatch]
   94 | char strcspn ();
      |      ^~~~~~~
conftest.c:82:1: note: 'strcspn' is declared in header '<string.h>'
   81 | # include <limits.h>
   82 | #else
configure:7644: $? = 0
configure:7644: result: yes
configure:7644: checking for strdup
configure:7644: gcc -o conftest -I/home/oldosfan/jhbuild/install/include/geocode-glib-1.0 -I/home/oldosfan/jhbuild/install/include/glib-2.0 -I/home/oldosfan/jhbuild/install/lib/glib-2.0/include -pthread  -g -O2  -L/home/oldosfan/jhbuild/install/lib -lgeocode-glib -lgio-2.0 -lgobject-2.0 -lglib-2.0  -L/home/oldosfan/jhbuild/install/lib  conftest.c  >&5
conftest.c:95:6: warning: conflicting types for built-in function 'strdup'; expected 'char *(const char *)' [-Wbuiltin-declaration-mismatch]
   95 | char strdup ();
      |      ^~~~~~
configure:7644: $? = 0
configure:7644: result: yes
configure:7644: checking for strerror
configure:7644: gcc -o conftest -I/home/oldosfan/jhbuild/install/include/geocode-glib-1.0 -I/home/oldosfan/jhbuild/install/include/glib-2.0 -I/home/oldosfan/jhbuild/install/lib/glib-2.0/include -pthread  -g -O2  -L/home/oldosfan/jhbuild/install/lib -lgeocode-glib -lgio-2.0 -lgobject-2.0 -lglib-2.0  -L/home/oldosfan/jhbuild/install/lib  conftest.c  >&5
configure:7644: $? = 0
configure:7644: result: yes
configure:7644: checking for strncasecmp
configure:7644: gcc -o conftest -I/home/oldosfan/jhbuild/install/include/geocode-glib-1.0 -I/home/oldosfan/jhbuild/install/include/glib-2.0 -I/home/oldosfan/jhbuild/install/lib/glib-2.0/include -pthread  -g -O2  -L/home/oldosfan/jhbuild/install/lib -lgeocode-glib -lgio-2.0 -lgobject-2.0 -lglib-2.0  -L/home/oldosfan/jhbuild/install/lib  conftest.c  >&5
conftest.c:97:6: warning: conflicting types for built-in function 'strncasecmp'; expected 'int(const char *, const char *, long unsigned int)' [-Wbuiltin-declaration-mismatch]
   97 | char strncasecmp ();
      |      ^~~~~~~~~~~
configure:7644: $? = 0
configure:7644: result: yes
configure:7644: checking for strndup
configure:7644: gcc -o conftest -I/home/oldosfan/jhbuild/install/include/geocode-glib-1.0 -I/home/oldosfan/jhbuild/install/include/glib-2.0 -I/home/oldosfan/jhbuild/install/lib/glib-2.0/include -pthread  -g -O2  -L/home/oldosfan/jhbuild/install/lib -lgeocode-glib -lgio-2.0 -lgobject-2.0 -lglib-2.0  -L/home/oldosfan/jhbuild/install/lib  conftest.c  >&5
conftest.c:98:6: warning: conflicting types for built-in function 'strndup'; expected 'char *(const char *, long unsigned int)' [-Wbuiltin-declaration-mismatch]
   98 | char strndup ();
      |      ^~~~~~~
configure:7644: $? = 0
configure:7644: result: yes
configure:7644: checking for strpbrk
configure:7644: gcc -o conftest -I/home/oldosfan/jhbuild/install/include/geocode-glib-1.0 -I/home/oldosfan/jhbuild/install/include/glib-2.0 -I/home/oldosfan/jhbuild/install/lib/glib-2.0/include -pthread  -g -O2  -L/home/oldosfan/jhbuild/install/lib -lgeocode-glib -lgio-2.0 -lgobject-2.0 -lglib-2.0  -L/home/oldosfan/jhbuild/install/lib  conftest.c  >&5
conftest.c:99:6: warning: conflicting types for built-in function 'strpbrk'; expected 'char *(const char *, const char *)' [-Wbuiltin-declaration-mismatch]
   99 | char strpbrk ();
      |      ^~~~~~~
conftest.c:87:1: note: 'strpbrk' is declared in header '<string.h>'
   86 | # include <limits.h>
   87 | #else
configure:7644: $? = 0
configure:7644: result: yes
configure:7644: checking for strrchr
configure:7644: gcc -o conftest -I/home/oldosfan/jhbuild/install/include/geocode-glib-1.0 -I/home/oldosfan/jhbuild/install/include/glib-2.0 -I/home/oldosfan/jhbuild/install/lib/glib-2.0/include -pthread  -g -O2  -L/home/oldosfan/jhbuild/install/lib -lgeocode-glib -lgio-2.0 -lgobject-2.0 -lglib-2.0  -L/home/oldosfan/jhbuild/install/lib  conftest.c  >&5
conftest.c:100:6: warning: conflicting types for built-in function 'strrchr'; expected 'char *(const char *, int)' [-Wbuiltin-declaration-mismatch]
  100 | char strrchr ();
      |      ^~~~~~~
conftest.c:88:1: note: 'strrchr' is declared in header '<string.h>'
   87 | # include <limits.h>
   88 | #else
configure:7644: $? = 0
configure:7644: result: yes
configure:7644: checking for strspn
configure:7644: gcc -o conftest -I/home/oldosfan/jhbuild/install/include/geocode-glib-1.0 -I/home/oldosfan/jhbuild/install/include/glib-2.0 -I/home/oldosfan/jhbuild/install/lib/glib-2.0/include -pthread  -g -O2  -L/home/oldosfan/jhbuild/install/lib -lgeocode-glib -lgio-2.0 -lgobject-2.0 -lglib-2.0  -L/home/oldosfan/jhbuild/install/lib  conftest.c  >&5
conftest.c:101:6: warning: conflicting types for built-in function 'strspn'; expected 'long unsigned int(const char *, const char *)' [-Wbuiltin-declaration-mismatch]
  101 | char strspn ();
      |      ^~~~~~
conftest.c:89:1: note: 'strspn' is declared in header '<string.h>'
   88 | # include <limits.h>
   89 | #else
configure:7644: $? = 0
configure:7644: result: yes
configure:7644: checking for strstr
configure:7644: gcc -o conftest -I/home/oldosfan/jhbuild/install/include/geocode-glib-1.0 -I/home/oldosfan/jhbuild/install/include/glib-2.0 -I/home/oldosfan/jhbuild/install/lib/glib-2.0/include -pthread  -g -O2  -L/home/oldosfan/jhbuild/install/lib -lgeocode-glib -lgio-2.0 -lgobject-2.0 -lglib-2.0  -L/home/oldosfan/jhbuild/install/lib  conftest.c  >&5
conftest.c:102:6: warning: conflicting types for built-in function 'strstr'; expected 'char *(const char *, const char *)' [-Wbuiltin-declaration-mismatch]
  102 | char strstr ();
      |      ^~~~~~
conftest.c:90:1: note: 'strstr' is declared in header '<string.h>'
   89 | # include <limits.h>
   90 | #else
configure:7644: $? = 0
configure:7644: result: yes
configure:7644: checking for strtol
configure:7644: gcc -o conftest -I/home/oldosfan/jhbuild/install/include/geocode-glib-1.0 -I/home/oldosfan/jhbuild/install/include/glib-2.0 -I/home/oldosfan/jhbuild/install/lib/glib-2.0/include -pthread  -g -O2  -L/home/oldosfan/jhbuild/install/lib -lgeocode-glib -lgio-2.0 -lgobject-2.0 -lglib-2.0  -L/home/oldosfan/jhbuild/install/lib  conftest.c  >&5
configure:7644: $? = 0
configure:7644: result: yes
configure:7644: checking for strtoul
configure:7644: gcc -o conftest -I/home/oldosfan/jhbuild/install/include/geocode-glib-1.0 -I/home/oldosfan/jhbuild/install/include/glib-2.0 -I/home/oldosfan/jhbuild/install/lib/glib-2.0/include -pthread  -g -O2  -L/home/oldosfan/jhbuild/install/lib -lgeocode-glib -lgio-2.0 -lgobject-2.0 -lglib-2.0  -L/home/oldosfan/jhbuild/install/lib  conftest.c  >&5
configure:7644: $? = 0
configure:7644: result: yes
configure:7644: checking for strtoull
configure:7644: gcc -o conftest -I/home/oldosfan/jhbuild/install/include/geocode-glib-1.0 -I/home/oldosfan/jhbuild/install/include/glib-2.0 -I/home/oldosfan/jhbuild/install/lib/glib-2.0/include -pthread  -g -O2  -L/home/oldosfan/jhbuild/install/lib -lgeocode-glib -lgio-2.0 -lgobject-2.0 -lglib-2.0  -L/home/oldosfan/jhbuild/install/lib  conftest.c  >&5
configure:7644: $? = 0
configure:7644: result: yes
configure:7644: checking for strverscmp
configure:7644: gcc -o conftest -I/home/oldosfan/jhbuild/install/include/geocode-glib-1.0 -I/home/oldosfan/jhbuild/install/include/glib-2.0 -I/home/oldosfan/jhbuild/install/lib/glib-2.0/include -pthread  -g -O2  -L/home/oldosfan/jhbuild/install/lib -lgeocode-glib -lgio-2.0 -lgobject-2.0 -lglib-2.0  -L/home/oldosfan/jhbuild/install/lib  conftest.c  >&5
configure:7644: $? = 0
configure:7644: result: yes
configure:7644: checking for tzset
configure:7644: gcc -o conftest -I/home/oldosfan/jhbuild/install/include/geocode-glib-1.0 -I/home/oldosfan/jhbuild/install/include/glib-2.0 -I/home/oldosfan/jhbuild/install/lib/glib-2.0/include -pthread  -g -O2  -L/home/oldosfan/jhbuild/install/lib -lgeocode-glib -lgio-2.0 -lgobject-2.0 -lglib-2.0  -L/home/oldosfan/jhbuild/install/lib  conftest.c  >&5
configure:7644: $? = 0
configure:7644: result: yes
configure:7755: checking that generated files are newer than configure
configure:7761: result: done
configure:7784: creating ./config.status

## ---------------- ##
## Cache variables. ##
## ---------------- ##

ac_cv_c_compiler_gnu=yes
ac_cv_c_inline=inline
ac_cv_c_int16_t=yes
ac_cv_c_int32_t=yes
ac_cv_c_int64_t=yes
ac_cv_c_int8_t=yes
ac_cv_c_restrict=__restrict
ac_cv_c_uint16_t=yes
ac_cv_c_uint32_t=yes
ac_cv_c_uint64_t=yes
ac_cv_c_uint8_t=yes
ac_cv_env_CC_set=
ac_cv_env_CC_value=
ac_cv_env_CFLAGS_set=
ac_cv_env_CFLAGS_value=
ac_cv_env_CPPFLAGS_set=
ac_cv_env_CPPFLAGS_value=
ac_cv_env_CPP_set=
ac_cv_env_CPP_value=
ac_cv_env_EMACSLOADPATH_set=
ac_cv_env_EMACSLOADPATH_value=
ac_cv_env_EMACS_set=
ac_cv_env_EMACS_value=
ac_cv_env_GEOCODE_CFLAGS_set=
ac_cv_env_GEOCODE_CFLAGS_value=
ac_cv_env_GEOCODE_LIBS_set=
ac_cv_env_GEOCODE_LIBS_value=
ac_cv_env_LDFLAGS_set=set
ac_cv_env_LDFLAGS_value='-L/home/oldosfan/jhbuild/install/lib '
ac_cv_env_LIBS_set=
ac_cv_env_LIBS_value=
ac_cv_env_PKG_CONFIG_LIBDIR_set=
ac_cv_env_PKG_CONFIG_LIBDIR_value=
ac_cv_env_PKG_CONFIG_PATH_set=set
ac_cv_env_PKG_CONFIG_PATH_value=/home/oldosfan/jhbuild/install/lib64/pkgconfig:/home/oldosfan/jhbuild/install/lib/pkgconfig:/home/oldosfan/jhbuild/install/share/pkgconfig:/usr/lib64/pkgconfig:/usr/share/pkgconfig
ac_cv_env_PKG_CONFIG_set=
ac_cv_env_PKG_CONFIG_value=
ac_cv_env_XMKMF_set=
ac_cv_env_XMKMF_value=
ac_cv_env_build_alias_set=
ac_cv_env_build_alias_value=
ac_cv_env_host_alias_set=
ac_cv_env_host_alias_value=
ac_cv_env_target_alias_set=
ac_cv_env_target_alias_value=
ac_cv_func_alarm=yes
ac_cv_func_alloca_works=yes
ac_cv_func_atexit=yes
ac_cv_func_bzero=yes
ac_cv_func_clock_gettime=yes
ac_cv_func_getdelim=yes
ac_cv_func_gettimeofday=yes
ac_cv_func_localtime_r=yes
ac_cv_func_malloc_0_nonnull=yes
ac_cv_func_mblen=yes
ac_cv_func_memchr=yes
ac_cv_func_memmove=yes
ac_cv_func_mempcpy=yes
ac_cv_func_memset=yes
ac_cv_func_obstack=yes
ac_cv_func_putenv=yes
ac_cv_func_realloc_0_nonnull=yes
ac_cv_func_realpath=yes
ac_cv_func_rpmatch=yes
ac_cv_func_select=yes
ac_cv_func_setenv=yes
ac_cv_func_stpcpy=yes
ac_cv_func_strcasecmp=yes
ac_cv_func_strchr=yes
ac_cv_func_strcoll_works=yes
ac_cv_func_strcspn=yes
ac_cv_func_strdup=yes
ac_cv_func_strerror=yes
ac_cv_func_strerror_r=yes
ac_cv_func_strerror_r_char_p=no
ac_cv_func_strncasecmp=yes
ac_cv_func_strndup=yes
ac_cv_func_strpbrk=yes
ac_cv_func_strrchr=yes
ac_cv_func_strspn=yes
ac_cv_func_strstr=yes
ac_cv_func_strtod=yes
ac_cv_func_strtol=yes
ac_cv_func_strtoul=yes
ac_cv_func_strtoull=yes
ac_cv_func_strverscmp=yes
ac_cv_func_tzset=yes
ac_cv_func_working_mktime=yes
ac_cv_have_decl_strerror_r=yes
ac_cv_have_decl_sys_siglist=no
ac_cv_have_x='have_x=yes	ac_x_includes='\'''\''	ac_x_libraries='\'''\'''
ac_cv_header_float_h=yes
ac_cv_header_inttypes_h=yes
ac_cv_header_limits_h=yes
ac_cv_header_malloc_h=yes
ac_cv_header_memory_h=yes
ac_cv_header_stdbool_h=yes
ac_cv_header_stdc=yes
ac_cv_header_stddef_h=yes
ac_cv_header_stdint_h=yes
ac_cv_header_stdlib_h=yes
ac_cv_header_string_h=yes
ac_cv_header_strings_h=yes
ac_cv_header_sys_stat_h=yes
ac_cv_header_sys_time_h=yes
ac_cv_header_sys_types_h=yes
ac_cv_header_time=yes
ac_cv_header_unistd_h=yes
ac_cv_member_struct_tm_tm_zone=yes
ac_cv_objext=o
ac_cv_path_EGREP='/usr/bin/grep -E'
ac_cv_path_GREP=/usr/bin/grep
ac_cv_path_ac_pt_PKG_CONFIG=/usr/bin/pkg-config
ac_cv_path_install='/usr/bin/install -c'
ac_cv_path_mkdir=/usr/bin/mkdir
ac_cv_prog_AWK=gawk
ac_cv_prog_CPP='gcc -E'
ac_cv_prog_EMACS=emacs
ac_cv_prog_ac_ct_CC=gcc
ac_cv_prog_cc_c89=
ac_cv_prog_cc_g=yes
ac_cv_prog_make_make_set=yes
ac_cv_struct_tm=time.h
ac_cv_sys_largefile_source=no
ac_cv_type__Bool=yes
ac_cv_type_mode_t=yes
ac_cv_type_off_t=yes
ac_cv_type_pid_t=yes
ac_cv_type_ptrdiff_t=yes
ac_cv_type_size_t=yes
ac_cv_type_ssize_t=yes
ac_cv_type_uid_t=yes
ac_cv_working_alloca_h=yes
am_cv_CC_dependencies_compiler_type=gcc3
am_cv_lispdir='${datadir}/emacs/site-lisp'
am_cv_make_support_nested_variables=yes
am_cv_prog_cc_c_o=yes
pkg_cv_GEOCODE_CFLAGS='-I/home/oldosfan/jhbuild/install/include/geocode-glib-1.0 -I/home/oldosfan/jhbuild/install/include/glib-2.0 -I/home/oldosfan/jhbuild/install/lib/glib-2.0/include -pthread '
pkg_cv_GEOCODE_LIBS='-L/home/oldosfan/jhbuild/install/lib -lgeocode-glib -lgio-2.0 -lgobject-2.0 -lglib-2.0 '

## ----------------- ##
## Output variables. ##
## ----------------- ##

ACLOCAL='${SHELL} /home/oldosfan/geo-xdg/geocode-glib/missing aclocal-1.16'
ALLOCA=''
AMDEPBACKSLASH='\'
AMDEP_FALSE='#'
AMDEP_TRUE=''
AMTAR='$${TAR-tar}'
AM_BACKSLASH='\'
AM_DEFAULT_V='$(AM_DEFAULT_VERBOSITY)'
AM_DEFAULT_VERBOSITY='1'
AM_V='$(V)'
AUTOCONF='${SHELL} /home/oldosfan/geo-xdg/geocode-glib/missing autoconf'
AUTOHEADER='${SHELL} /home/oldosfan/geo-xdg/geocode-glib/missing autoheader'
AUTOMAKE='${SHELL} /home/oldosfan/geo-xdg/geocode-glib/missing automake-1.16'
AWK='gawk'
CC='gcc'
CCDEPMODE='depmode=gcc3'
CFLAGS='-I/home/oldosfan/jhbuild/install/include/geocode-glib-1.0 -I/home/oldosfan/jhbuild/install/include/glib-2.0 -I/home/oldosfan/jhbuild/install/lib/glib-2.0/include -pthread  -g -O2'
CPP='gcc -E'
CPPFLAGS=''
CYGPATH_W='echo'
DEFS='-DHAVE_CONFIG_H'
DEPDIR='.deps'
ECHO_C=''
ECHO_N='-n'
ECHO_T=''
EGREP='/usr/bin/grep -E'
EMACS='emacs'
EMACSLOADPATH=''
EXEEXT=''
GEOCODE_CFLAGS='-I/home/oldosfan/jhbuild/install/include/geocode-glib-1.0 -I/home/oldosfan/jhbuild/install/include/glib-2.0 -I/home/oldosfan/jhbuild/install/lib/glib-2.0/include -pthread '
GEOCODE_LIBS='-L/home/oldosfan/jhbuild/install/lib -lgeocode-glib -lgio-2.0 -lgobject-2.0 -lglib-2.0 '
GREP='/usr/bin/grep'
INSTALL_DATA='${INSTALL} -m 644'
INSTALL_PROGRAM='${INSTALL}'
INSTALL_SCRIPT='${INSTALL}'
INSTALL_STRIP_PROGRAM='$(install_sh) -c -s'
LDFLAGS='-L/home/oldosfan/jhbuild/install/lib -lgeocode-glib -lgio-2.0 -lgobject-2.0 -lglib-2.0  -L/home/oldosfan/jhbuild/install/lib '
LIBOBJS=''
LIBS=''
LTLIBOBJS=''
MAKEINFO='${SHELL} /home/oldosfan/geo-xdg/geocode-glib/missing makeinfo'
MKDIR_P='/usr/bin/mkdir -p'
OBJEXT='o'
PACKAGE='geocode_emacs'
PACKAGE_BUGREPORT='none@dummy'
PACKAGE_NAME='geocode_emacs'
PACKAGE_STRING='geocode_emacs 1.0'
PACKAGE_TARNAME='geocode_emacs'
PACKAGE_URL=''
PACKAGE_VERSION='1.0'
PATH_SEPARATOR=':'
PKG_CONFIG='/usr/bin/pkg-config'
PKG_CONFIG_LIBDIR=''
PKG_CONFIG_PATH='/home/oldosfan/jhbuild/install/lib64/pkgconfig:/home/oldosfan/jhbuild/install/lib/pkgconfig:/home/oldosfan/jhbuild/install/share/pkgconfig:/usr/lib64/pkgconfig:/usr/share/pkgconfig'
POW_LIB=''
SET_MAKE=''
SHELL='/bin/sh'
STRIP=''
VERSION='1.0'
XMKMF=''
ac_ct_CC='gcc'
am__EXEEXT_FALSE=''
am__EXEEXT_TRUE='#'
am__fastdepCC_FALSE='#'
am__fastdepCC_TRUE=''
am__include='include'
am__isrc=''
am__leading_dot='.'
am__nodep='_no'
am__quote=''
am__tar='$${TAR-tar} chof - "$$tardir"'
am__untar='$${TAR-tar} xf -'
bindir='${exec_prefix}/bin'
build_alias=''
datadir='${datarootdir}'
datarootdir='${prefix}/share'
docdir='${datarootdir}/doc/${PACKAGE_TARNAME}'
dvidir='${docdir}'
exec_prefix='${prefix}'
host_alias=''
htmldir='${docdir}'
includedir='${prefix}/include'
infodir='${datarootdir}/info'
install_sh='${SHELL} /home/oldosfan/geo-xdg/geocode-glib/install-sh'
libdir='${exec_prefix}/lib'
libexecdir='${exec_prefix}/libexec'
lispdir='${datadir}/emacs/site-lisp'
localedir='${datarootdir}/locale'
localstatedir='${prefix}/var'
mandir='${datarootdir}/man'
mkdir_p='$(MKDIR_P)'
oldincludedir='/usr/include'
pdfdir='${docdir}'
prefix='/usr/local'
program_transform_name='s,x,x,'
psdir='${docdir}'
sbindir='${exec_prefix}/sbin'
sharedstatedir='${prefix}/com'
sysconfdir='${prefix}/etc'
target_alias=''

## ----------- ##
## confdefs.h. ##
## ----------- ##

/* confdefs.h */
#define PACKAGE_NAME "geocode_emacs"
#define PACKAGE_TARNAME "geocode_emacs"
#define PACKAGE_VERSION "1.0"
#define PACKAGE_STRING "geocode_emacs 1.0"
#define PACKAGE_BUGREPORT "none@dummy"
#define PACKAGE_URL ""
#define PACKAGE "geocode_emacs"
#define VERSION "1.0"
#define STDC_HEADERS 1
#define HAVE_SYS_TYPES_H 1
#define HAVE_SYS_STAT_H 1
#define HAVE_STDLIB_H 1
#define HAVE_STRING_H 1
#define HAVE_MEMORY_H 1
#define HAVE_STRINGS_H 1
#define HAVE_INTTYPES_H 1
#define HAVE_STDINT_H 1
#define HAVE_UNISTD_H 1
#define HAVE_ALLOCA_H 1
#define HAVE_ALLOCA 1
#define HAVE_FLOAT_H 1
#define HAVE_LIMITS_H 1
#define HAVE_MALLOC_H 1
#define HAVE_STDDEF_H 1
#define HAVE_STDINT_H 1
#define HAVE_STDLIB_H 1
#define HAVE_STRING_H 1
#define HAVE_STRINGS_H 1
#define HAVE_SYS_TIME_H 1
#define HAVE_UNISTD_H 1
#define HAVE__BOOL 1
#define HAVE_OBSTACK 1
#define restrict __restrict
#define HAVE_DECL_SYS_SIGLIST 0
#define HAVE_STRUCT_TM_TM_ZONE 1
#define HAVE_TM_ZONE 1
#define HAVE_PTRDIFF_T 1
#define HAVE_FSEEKO 1
#define HAVE_STDLIB_H 1
#define HAVE_MALLOC 1
#define TIME_WITH_SYS_TIME 1
#define HAVE_SYS_TIME_H 1
#define HAVE_UNISTD_H 1
#define HAVE_ALARM 1
#define HAVE_STDLIB_H 1
#define HAVE_REALLOC 1
#define HAVE_STRCOLL 1
#define HAVE_DECL_STRERROR_R 1
#define HAVE_STRERROR_R 1
#define HAVE_ATEXIT 1
#define HAVE_BZERO 1
#define HAVE_CLOCK_GETTIME 1
#define HAVE_GETDELIM 1
#define HAVE_GETTIMEOFDAY 1
#define HAVE_LOCALTIME_R 1
#define HAVE_MBLEN 1
#define HAVE_MEMCHR 1
#define HAVE_MEMMOVE 1
#define HAVE_MEMPCPY 1
#define HAVE_MEMSET 1
#define HAVE_PUTENV 1
#define HAVE_REALPATH 1
#define HAVE_RPMATCH 1
#define HAVE_SELECT 1
#define HAVE_SETENV 1
#define HAVE_STPCPY 1
#define HAVE_STRCASECMP 1
#define HAVE_STRCHR 1
#define HAVE_STRCSPN 1
#define HAVE_STRDUP 1
#define HAVE_STRERROR 1
#define HAVE_STRNCASECMP 1
#define HAVE_STRNDUP 1
#define HAVE_STRPBRK 1
#define HAVE_STRRCHR 1
#define HAVE_STRSPN 1
#define HAVE_STRSTR 1
#define HAVE_STRTOL 1
#define HAVE_STRTOUL 1
#define HAVE_STRTOULL 1
#define HAVE_STRVERSCMP 1
#define HAVE_TZSET 1

configure: exit 0

## ---------------------- ##
## Running config.status. ##
## ---------------------- ##

This file was extended by geocode_emacs config.status 1.0, which was
generated by GNU Autoconf 2.69.  Invocation command line was

  CONFIG_FILES    = 
  CONFIG_HEADERS  = 
  CONFIG_LINKS    = 
  CONFIG_COMMANDS = 
  $ ./config.status 

on po-lus-librem-15

config.status:927: creating Makefile
config.status:927: creating src/Makefile
config.status:927: creating src/config.h
config.status:1108: src/config.h is unchanged
config.status:1156: executing depfiles commands

## ---------------------- ##
## Running config.status. ##
## ---------------------- ##

This file was extended by geocode_emacs config.status 1.0, which was
generated by GNU Autoconf 2.69.  Invocation command line was

  CONFIG_FILES    = 
  CONFIG_HEADERS  = 
  CONFIG_LINKS    = 
  CONFIG_COMMANDS = 
  $ ./config.status src/config.h

on po-lus-librem-15

config.status:927: creating src/config.h

## ---------------------- ##
## Running config.status. ##
## ---------------------- ##

This file was extended by geocode_emacs config.status 1.0, which was
generated by GNU Autoconf 2.69.  Invocation command line was

  CONFIG_FILES    = 
  CONFIG_HEADERS  = 
  CONFIG_LINKS    = 
  CONFIG_COMMANDS = 
  $ ./config.status Makefile

on po-lus-librem-15

config.status:927: creating Makefile

## ---------------------- ##
## Running config.status. ##
## ---------------------- ##

This file was extended by geocode_emacs config.status 1.0, which was
generated by GNU Autoconf 2.69.  Invocation command line was

  CONFIG_FILES    = 
  CONFIG_HEADERS  = 
  CONFIG_LINKS    = 
  CONFIG_COMMANDS = 
  $ ./config.status src/Makefile

on po-lus-librem-15

config.status:927: creating src/Makefile

## ---------------------- ##
## Running config.status. ##
## ---------------------- ##

This file was extended by geocode_emacs config.status 1.0, which was
generated by GNU Autoconf 2.69.  Invocation command line was

  CONFIG_FILES    = 
  CONFIG_HEADERS  = 
  CONFIG_LINKS    = 
  CONFIG_COMMANDS = 
  $ ./config.status src/Makefile depfiles

on po-lus-librem-15

config.status:927: creating src/Makefile
config.status:1156: executing depfiles commands
config.status:1233: cd src       && sed -e '/# am--include-marker/d' Makefile         | make -f - am--depfiles
make[2]: Entering directory '/home/oldosfan/geo-xdg/geocode-glib/src'
make[2]: Nothing to be done for 'am--depfiles'.
make[2]: Leaving directory '/home/oldosfan/geo-xdg/geocode-glib/src'
config.status:1238: $? = 0

## ---------------------- ##
## Running config.status. ##
## ---------------------- ##

This file was extended by geocode_emacs config.status 1.0, which was
generated by GNU Autoconf 2.69.  Invocation command line was

  CONFIG_FILES    = 
  CONFIG_HEADERS  = 
  CONFIG_LINKS    = 
  CONFIG_COMMANDS = 
  $ ./config.status src/Makefile depfiles

on po-lus-librem-15

config.status:927: creating src/Makefile
config.status:1156: executing depfiles commands
config.status:1233: cd src       && sed -e '/# am--include-marker/d' Makefile         | make -f - am--depfiles
make[2]: Entering directory '/home/oldosfan/geo-xdg/geocode-glib/src'
make[2]: Nothing to be done for 'am--depfiles'.
make[2]: Leaving directory '/home/oldosfan/geo-xdg/geocode-glib/src'
config.status:1238: $? = 0

## ---------------------- ##
## Running config.status. ##
## ---------------------- ##

This file was extended by geocode_emacs config.status 1.0, which was
generated by GNU Autoconf 2.69.  Invocation command line was

  CONFIG_FILES    = 
  CONFIG_HEADERS  = 
  CONFIG_LINKS    = 
  CONFIG_COMMANDS = 
  $ ./config.status src/Makefile depfiles

on po-lus-librem-15

config.status:927: creating src/Makefile
config.status:1156: executing depfiles commands
config.status:1233: cd src       && sed -e '/# am--include-marker/d' Makefile         | make -f - am--depfiles
make[2]: Entering directory '/home/oldosfan/geo-xdg/geocode-glib/src'
make[2]: Nothing to be done for 'am--depfiles'.
make[2]: Leaving directory '/home/oldosfan/geo-xdg/geocode-glib/src'
config.status:1238: $? = 0

## ---------------------- ##
## Running config.status. ##
## ---------------------- ##

This file was extended by geocode_emacs config.status 1.0, which was
generated by GNU Autoconf 2.69.  Invocation command line was

  CONFIG_FILES    = 
  CONFIG_HEADERS  = 
  CONFIG_LINKS    = 
  CONFIG_COMMANDS = 
  $ ./config.status src/Makefile depfiles

on po-lus-librem-15

config.status:927: creating src/Makefile
config.status:1156: executing depfiles commands
config.status:1233: cd src       && sed -e '/# am--include-marker/d' Makefile         | make -f - am--depfiles
make[2]: Entering directory '/home/oldosfan/geo-xdg/geocode-glib/src'
make[2]: Nothing to be done for 'am--depfiles'.
make[2]: Leaving directory '/home/oldosfan/geo-xdg/geocode-glib/src'
config.status:1238: $? = 0

## ---------------------- ##
## Running config.status. ##
## ---------------------- ##

This file was extended by geocode_emacs config.status 1.0, which was
generated by GNU Autoconf 2.69.  Invocation command line was

  CONFIG_FILES    = 
  CONFIG_HEADERS  = 
  CONFIG_LINKS    = 
  CONFIG_COMMANDS = 
  $ ./config.status src/Makefile depfiles

on po-lus-librem-15

config.status:927: creating src/Makefile
config.status:1156: executing depfiles commands
config.status:1233: cd src       && sed -e '/# am--include-marker/d' Makefile         | make -f - am--depfiles
make[2]: Entering directory '/home/oldosfan/geo-xdg/geocode-glib/src'
make[2]: Nothing to be done for 'am--depfiles'.
make[2]: Leaving directory '/home/oldosfan/geo-xdg/geocode-glib/src'
config.status:1238: $? = 0

## ---------------------- ##
## Running config.status. ##
## ---------------------- ##

This file was extended by geocode_emacs config.status 1.0, which was
generated by GNU Autoconf 2.69.  Invocation command line was

  CONFIG_FILES    = 
  CONFIG_HEADERS  = 
  CONFIG_LINKS    = 
  CONFIG_COMMANDS = 
  $ ./config.status src/Makefile depfiles

on po-lus-librem-15

config.status:927: creating src/Makefile
config.status:1156: executing depfiles commands
config.status:1233: cd src       && sed -e '/# am--include-marker/d' Makefile         | make -f - am--depfiles
make[2]: Entering directory '/home/oldosfan/geo-xdg/geocode-glib/src'
make[2]: Nothing to be done for 'am--depfiles'.
make[2]: Leaving directory '/home/oldosfan/geo-xdg/geocode-glib/src'
config.status:1238: $? = 0

## ---------------------- ##
## Running config.status. ##
## ---------------------- ##

This file was extended by geocode_emacs config.status 1.0, which was
generated by GNU Autoconf 2.69.  Invocation command line was

  CONFIG_FILES    = 
  CONFIG_HEADERS  = 
  CONFIG_LINKS    = 
  CONFIG_COMMANDS = 
  $ ./config.status src/Makefile depfiles

on po-lus-librem-15

config.status:927: creating src/Makefile
config.status:1156: executing depfiles commands
config.status:1233: cd src       && sed -e '/# am--include-marker/d' Makefile         | make -f - am--depfiles
make[2]: Entering directory '/home/oldosfan/geo-xdg/geocode-glib/src'
make[2]: Nothing to be done for 'am--depfiles'.
make[2]: Leaving directory '/home/oldosfan/geo-xdg/geocode-glib/src'
config.status:1238: $? = 0

## ---------------------- ##
## Running config.status. ##
## ---------------------- ##

This file was extended by geocode_emacs config.status 1.0, which was
generated by GNU Autoconf 2.69.  Invocation command line was

  CONFIG_FILES    = 
  CONFIG_HEADERS  = 
  CONFIG_LINKS    = 
  CONFIG_COMMANDS = 
  $ ./config.status src/Makefile depfiles

on po-lus-librem-15

config.status:927: creating src/Makefile
config.status:1156: executing depfiles commands
config.status:1233: cd src       && sed -e '/# am--include-marker/d' Makefile         | make -f - am--depfiles
make[2]: Entering directory '/home/oldosfan/geo-xdg/geocode-glib/src'
make[2]: Nothing to be done for 'am--depfiles'.
make[2]: Leaving directory '/home/oldosfan/geo-xdg/geocode-glib/src'
config.status:1238: $? = 0

## ---------------------- ##
## Running config.status. ##
## ---------------------- ##

This file was extended by geocode_emacs config.status 1.0, which was
generated by GNU Autoconf 2.69.  Invocation command line was

  CONFIG_FILES    = 
  CONFIG_HEADERS  = 
  CONFIG_LINKS    = 
  CONFIG_COMMANDS = 
  $ ./config.status src/Makefile depfiles

on po-lus-librem-15

config.status:927: creating src/Makefile
config.status:1156: executing depfiles commands
config.status:1233: cd src       && sed -e '/# am--include-marker/d' Makefile         | make -f - am--depfiles
make[2]: Entering directory '/home/oldosfan/geo-xdg/geocode-glib/src'
make[2]: Nothing to be done for 'am--depfiles'.
make[2]: Leaving directory '/home/oldosfan/geo-xdg/geocode-glib/src'
config.status:1238: $? = 0

## ---------------------- ##
## Running config.status. ##
## ---------------------- ##

This file was extended by geocode_emacs config.status 1.0, which was
generated by GNU Autoconf 2.69.  Invocation command line was

  CONFIG_FILES    = 
  CONFIG_HEADERS  = 
  CONFIG_LINKS    = 
  CONFIG_COMMANDS = 
  $ ./config.status src/Makefile depfiles

on po-lus-librem-15

config.status:927: creating src/Makefile
config.status:1156: executing depfiles commands
config.status:1233: cd src       && sed -e '/# am--include-marker/d' Makefile         | make -f - am--depfiles
make[2]: Entering directory '/home/oldosfan/geo-xdg/geocode-glib/src'
make[2]: Nothing to be done for 'am--depfiles'.
make[2]: Leaving directory '/home/oldosfan/geo-xdg/geocode-glib/src'
config.status:1238: $? = 0
